21:07:26 INFO  manager.ApplicationManager - Chrome Driver was opened
21:07:30 INFO  manager.ApplicationManager - Current URL --> https://contacts-app.tobbymarshall815.vercel.app/home
21:07:30 INFO  TestBase - Starts test with name : DeleteAllContactsSuccessClassWork
21:07:30 INFO  manager.MyListener - Before Find Elements By -->By.xpath: //button
21:07:33 INFO  manager.MyListener - After Find Elements By -->By.xpath: //button
21:07:33 INFO  manager.MyListener - List size is -->0
21:07:33 INFO  manager.MyListener - Before Find Element By -->By.xpath: //a[@href='/login']
21:07:33 INFO  manager.MyListener - After Find Element By -->By.xpath: //a[@href='/login']
21:07:34 INFO  manager.MyListener - Before Find Element By -->By.xpath: //input[contains(@placeholder,'Email')]
21:07:34 INFO  manager.MyListener - After Find Element By -->By.xpath: //input[contains(@placeholder,'Email')]
21:07:34 INFO  manager.MyListener - Before Find Element By -->By.xpath: //input[@placeholder='Password']
21:07:34 INFO  manager.MyListener - After Find Element By -->By.xpath: //input[@placeholder='Password']
21:07:34 INFO  manager.MyListener - Before Find Element By -->By.xpath: //button[normalize-space()='Login']
21:07:34 INFO  manager.MyListener - After Find Element By -->By.xpath: //button[normalize-space()='Login']
21:07:34 INFO  manager.MyListener - Before Find Element By -->By.xpath: //a[.='ADD']
21:07:35 INFO  manager.MyListener - After Find Element By -->By.xpath: //a[.='ADD']
21:07:35 INFO  manager.MyListener - Before Find Element By -->By.cssSelector: input[placeholder='Name']
21:07:36 INFO  manager.MyListener - After Find Element By -->By.cssSelector: input[placeholder='Name']
21:07:36 INFO  manager.MyListener - Before Find Element By -->By.cssSelector: input[placeholder='Last Name']
21:07:36 INFO  manager.MyListener - After Find Element By -->By.cssSelector: input[placeholder='Last Name']
21:07:36 INFO  manager.MyListener - Before Find Element By -->By.cssSelector: input[placeholder='email']
21:07:36 INFO  manager.MyListener - After Find Element By -->By.cssSelector: input[placeholder='email']
21:07:36 INFO  manager.MyListener - Before Find Element By -->By.cssSelector: input[placeholder='Phone']
21:07:36 INFO  manager.MyListener - After Find Element By -->By.cssSelector: input[placeholder='Phone']
21:07:36 INFO  manager.MyListener - Before Find Element By -->By.cssSelector: input[placeholder='Address']
21:07:36 INFO  manager.MyListener - After Find Element By -->By.cssSelector: input[placeholder='Address']
21:07:37 INFO  manager.MyListener - Before Find Element By -->By.cssSelector: input[placeholder='description']
21:07:37 INFO  manager.MyListener - After Find Element By -->By.cssSelector: input[placeholder='description']
21:07:37 INFO  manager.MyListener - Before Find Element By -->By.xpath: //b
21:07:37 INFO  manager.MyListener - After Find Element By -->By.xpath: //b
21:07:37 INFO  manager.MyListener - Before Find Elements By -->By.xpath: //div[@class='contact-page_leftdiv__yhyke']
21:07:37 INFO  manager.MyListener - After Find Elements By -->By.xpath: //div[@class='contact-page_leftdiv__yhyke']
21:07:37 INFO  manager.MyListener - List size is -->1
21:07:37 INFO  manager.MyListener - Before Find Element By -->By.xpath: //a[.='CONTACTS']
21:07:37 INFO  manager.MyListener - After Find Element By -->By.xpath: //a[.='CONTACTS']
21:07:37 INFO  manager.MyListener - Before Find Element By -->By.cssSelector: input[placeholder='Name']
21:07:40 INFO  manager.MyListener - We have a 'problem'
21:07:40 INFO  manager.MyListener - The name of error method  findElement
21:07:40 INFO  manager.MyListener - Describe of error org.openqa.selenium.NoSuchElementException: no such element: Unable to locate element: {"method":"css selector","selector":"input[placeholder='Name']"}
  (Session info: chrome=106.0.5249.103)
For documentation on this error, please visit: https://selenium.dev/exceptions/#no_such_element
Build info: version: '4.4.0', revision: 'e5c75ed026a'
System info: host: 'DESKTOP-J613HCK', ip: '192.168.1.197', os.name: 'Windows 10', os.arch: 'amd64', os.version: '10.0', java.version: '11.0.16'
Driver info: org.openqa.selenium.chrome.ChromeDriver
Command: [74cefb1a1e3c9f2eeb597ea8c20b0c6b, findElement {using=css selector, value=input[placeholder='Name']}]
Capabilities {acceptInsecureCerts: false, browserName: chrome, browserVersion: 106.0.5249.103, chrome: {chromedriverVersion: 105.0.5195.52 (412c95e51883..., userDataDir: C:\Users\saban\AppData\Loca...}, goog:chromeOptions: {debuggerAddress: localhost:52421}, networkConnectionEnabled: false, pageLoadStrategy: normal, platformName: WINDOWS, proxy: Proxy(), se:cdp: ws://localhost:52421/devtoo..., se:cdpVersion: 106.0.5249.103, setWindowRect: true, strictFileInteractability: false, timeouts: {implicit: 0, pageLoad: 300000, script: 30000}, unhandledPromptBehavior: dismiss and notify, webauthn:extension:credBlob: true, webauthn:extension:largeBlob: true, webauthn:virtualAuthenticators: true}
Session ID: 74cefb1a1e3c9f2eeb597ea8c20b0c6b
21:07:40 INFO  manager.MyListener - *********************
21:07:40 INFO  manager.MyListener - ChromeDriver: chrome on WINDOWS (74cefb1a1e3c9f2eeb597ea8c20b0c6b)
21:07:40 INFO  manager.MyListener - Screen with error is  1523 ****src/test/screenshots/screen1523.png
