22:15:03 INFO  manager.ApplicationManager - Chrome Driver was opened
22:15:05 INFO  manager.ApplicationManager - Current URL --> https://contacts-app.tobbymarshall815.vercel.app/home
22:15:06 INFO  TestBase - Starts test with name : DeleteAllContactsSuccessHomeWork
22:15:06 INFO  manager.MyListener - Before Find Elements -->By.xpath: //button
22:15:09 INFO  manager.MyListener - After Find Elements -->By.xpath: //button
22:15:09 INFO  manager.MyListener - List size is -->0
22:15:09 INFO  manager.MyListener - Before Find Element -->By.xpath: //a[@href='/login']
22:15:09 INFO  manager.MyListener - After Find Element -->By.xpath: //a[@href='/login']
22:15:09 INFO  manager.MyListener - Before Find Element -->By.xpath: //input[contains(@placeholder,'Email')]
22:15:09 INFO  manager.MyListener - After Find Element -->By.xpath: //input[contains(@placeholder,'Email')]
22:15:10 INFO  manager.MyListener - Before Find Element -->By.xpath: //input[@placeholder='Password']
22:15:10 INFO  manager.MyListener - After Find Element -->By.xpath: //input[@placeholder='Password']
22:15:10 INFO  manager.MyListener - Before Find Element -->By.xpath: //button[normalize-space()='Login']
22:15:10 INFO  manager.MyListener - After Find Element -->By.xpath: //button[normalize-space()='Login']
22:15:10 INFO  manager.MyListener - Before Find Element -->By.xpath: //a[.='ADD']
22:15:11 INFO  manager.MyListener - After Find Element -->By.xpath: //a[.='ADD']
22:15:11 INFO  manager.MyListener - Before Find Element -->By.cssSelector: input[placeholder='Name']
22:15:11 INFO  manager.MyListener - After Find Element -->By.cssSelector: input[placeholder='Name']
22:15:12 INFO  manager.MyListener - Before Find Element -->By.cssSelector: input[placeholder='Last Name']
22:15:12 INFO  manager.MyListener - After Find Element -->By.cssSelector: input[placeholder='Last Name']
22:15:12 INFO  manager.MyListener - Before Find Element -->By.cssSelector: input[placeholder='email']
22:15:12 INFO  manager.MyListener - After Find Element -->By.cssSelector: input[placeholder='email']
22:15:12 INFO  manager.MyListener - Before Find Element -->By.cssSelector: input[placeholder='Phone']
22:15:12 INFO  manager.MyListener - After Find Element -->By.cssSelector: input[placeholder='Phone']
22:15:12 INFO  manager.MyListener - Before Find Element -->By.cssSelector: input[placeholder='Address']
22:15:12 INFO  manager.MyListener - After Find Element -->By.cssSelector: input[placeholder='Address']
22:15:13 INFO  manager.MyListener - Before Find Element -->By.cssSelector: input[placeholder='description']
22:15:13 INFO  manager.MyListener - After Find Element -->By.cssSelector: input[placeholder='description']
22:15:13 INFO  manager.MyListener - Before Find Element -->By.xpath: //b
22:15:13 INFO  manager.MyListener - After Find Element -->By.xpath: //b
22:15:13 INFO  manager.MyListener - Before Find Elements -->By.cssSelector: .contact-item_card__2SOIM
22:15:13 INFO  manager.MyListener - After Find Elements -->By.cssSelector: .contact-item_card__2SOIM
22:15:13 INFO  manager.MyListener - List size is -->3
22:15:13 INFO  manager.MyListener - Before Find Elements -->By.cssSelector: .contact-item_card__2SOIM
22:15:13 INFO  manager.MyListener - After Find Elements -->By.cssSelector: .contact-item_card__2SOIM
22:15:13 INFO  manager.MyListener - List size is -->3
22:15:13 INFO  manager.MyListener - Before Find Elements -->By.cssSelector: .contact-item_card__2SOIM
22:15:13 INFO  manager.MyListener - After Find Elements -->By.cssSelector: .contact-item_card__2SOIM
22:15:13 INFO  manager.MyListener - List size is -->3
22:15:13 INFO  manager.MyListener - Before Find Elements -->By.cssSelector: .contact-item_card__2SOIM
22:15:13 INFO  manager.MyListener - After Find Elements -->By.cssSelector: .contact-item_card__2SOIM
22:15:13 INFO  manager.MyListener - List size is -->3
22:15:13 INFO  manager.MyListener - Before Find Elements -->By.cssSelector: .contact-item_card__2SOIM
22:15:13 INFO  manager.MyListener - After Find Elements -->By.cssSelector: .contact-item_card__2SOIM
22:15:13 INFO  manager.MyListener - List size is -->3
22:15:13 INFO  manager.MyListener - Before Find Elements -->By.cssSelector: .contact-item_card__2SOIM
22:15:14 INFO  manager.MyListener - After Find Elements -->By.cssSelector: .contact-item_card__2SOIM
22:15:14 INFO  manager.MyListener - List size is -->3
22:15:14 INFO  manager.MyListener - Before Find Elements -->By.cssSelector: .contact-item_card__2SOIM
22:15:14 INFO  manager.MyListener - After Find Elements -->By.cssSelector: .contact-item_card__2SOIM
22:15:14 INFO  manager.MyListener - List size is -->3
22:15:14 INFO  manager.MyListener - Before Find Elements -->By.cssSelector: .contact-item_card__2SOIM
22:15:14 INFO  manager.MyListener - After Find Elements -->By.cssSelector: .contact-item_card__2SOIM
22:15:14 INFO  manager.MyListener - List size is -->3
22:15:14 INFO  manager.MyListener - Before Find Elements -->By.cssSelector: .contact-item_card__2SOIM
22:15:14 INFO  manager.MyListener - After Find Elements -->By.cssSelector: .contact-item_card__2SOIM
22:15:14 INFO  manager.MyListener - List size is -->3
22:15:14 INFO  manager.MyListener - Before Find Elements -->By.cssSelector: .contact-item_card__2SOIM
22:15:14 INFO  manager.MyListener - After Find Elements -->By.cssSelector: .contact-item_card__2SOIM
22:15:14 INFO  manager.MyListener - List size is -->3
22:15:14 INFO  manager.MyListener - Before Find Elements -->By.cssSelector: .contact-item_card__2SOIM
22:15:14 INFO  manager.MyListener - After Find Elements -->By.cssSelector: .contact-item_card__2SOIM
22:15:14 INFO  manager.MyListener - List size is -->3
22:15:14 INFO  manager.MyListener - Before Find Elements -->By.cssSelector: .contact-item_card__2SOIM
22:15:14 INFO  manager.MyListener - After Find Elements -->By.cssSelector: .contact-item_card__2SOIM
22:15:14 INFO  manager.MyListener - List size is -->3
22:15:14 INFO  manager.MyListener - Before Find Elements -->By.cssSelector: .contact-item_card__2SOIM
22:15:14 INFO  manager.MyListener - After Find Elements -->By.cssSelector: .contact-item_card__2SOIM
22:15:14 INFO  manager.MyListener - List size is -->3
22:15:14 INFO  manager.MyListener - Before Find Elements -->By.cssSelector: .contact-item_card__2SOIM
22:15:14 INFO  manager.MyListener - After Find Elements -->By.cssSelector: .contact-item_card__2SOIM
22:15:14 INFO  manager.MyListener - List size is -->3
22:15:14 INFO  manager.MyListener - Before Find Elements -->By.cssSelector: .contact-item_card__2SOIM
22:15:14 INFO  manager.MyListener - After Find Elements -->By.cssSelector: .contact-item_card__2SOIM
22:15:14 INFO  manager.MyListener - List size is -->3
22:15:14 INFO  manager.MyListener - Before Find Elements -->By.cssSelector: .contact-item_card__2SOIM
22:15:14 INFO  manager.MyListener - After Find Elements -->By.cssSelector: .contact-item_card__2SOIM
22:15:14 INFO  manager.MyListener - List size is -->3
22:15:14 INFO  manager.MyListener - Before Find Elements -->By.cssSelector: .contact-item_card__2SOIM
22:15:14 INFO  manager.MyListener - After Find Elements -->By.cssSelector: .contact-item_card__2SOIM
22:15:14 INFO  manager.MyListener - List size is -->3
22:15:14 INFO  manager.MyListener - Before Find Elements -->By.cssSelector: .contact-item_card__2SOIM
22:15:14 INFO  manager.MyListener - After Find Elements -->By.cssSelector: .contact-item_card__2SOIM
22:15:14 INFO  manager.MyListener - List size is -->3
22:15:14 INFO  manager.MyListener - Before Find Elements -->By.cssSelector: .contact-item_card__2SOIM
22:15:14 INFO  manager.MyListener - After Find Elements -->By.cssSelector: .contact-item_card__2SOIM
22:15:14 INFO  manager.MyListener - List size is -->3
22:15:14 INFO  manager.MyListener - Before Find Elements -->By.cssSelector: .contact-item_card__2SOIM
22:15:14 INFO  manager.MyListener - After Find Elements -->By.cssSelector: .contact-item_card__2SOIM
22:15:14 INFO  manager.MyListener - List size is -->3
22:15:14 INFO  manager.MyListener - Before Find Elements -->By.cssSelector: .contact-item_card__2SOIM
22:15:14 INFO  manager.MyListener - After Find Elements -->By.cssSelector: .contact-item_card__2SOIM
22:15:14 INFO  manager.MyListener - List size is -->3
22:15:14 INFO  manager.MyListener - Before Find Elements -->By.cssSelector: .contact-item_card__2SOIM
22:15:14 INFO  manager.MyListener - After Find Elements -->By.cssSelector: .contact-item_card__2SOIM
22:15:14 INFO  manager.MyListener - List size is -->3
22:15:14 INFO  manager.MyListener - Before Find Elements -->By.cssSelector: .contact-item_card__2SOIM
22:15:14 INFO  manager.MyListener - After Find Elements -->By.cssSelector: .contact-item_card__2SOIM
22:15:14 INFO  manager.MyListener - List size is -->3
22:15:14 INFO  manager.MyListener - Before Find Elements -->By.cssSelector: .contact-item_card__2SOIM
22:15:15 INFO  manager.MyListener - After Find Elements -->By.cssSelector: .contact-item_card__2SOIM
22:15:15 INFO  manager.MyListener - List size is -->3
22:15:15 INFO  manager.MyListener - Before Find Elements -->By.cssSelector: .contact-item_card__2SOIM
22:15:15 INFO  manager.MyListener - After Find Elements -->By.cssSelector: .contact-item_card__2SOIM
22:15:15 INFO  manager.MyListener - List size is -->3
22:15:15 INFO  manager.MyListener - Before Find Elements -->By.cssSelector: .contact-item_card__2SOIM
22:15:15 INFO  manager.MyListener - After Find Elements -->By.cssSelector: .contact-item_card__2SOIM
22:15:15 INFO  manager.MyListener - List size is -->3
22:15:15 INFO  manager.MyListener - Before Find Elements -->By.cssSelector: .contact-item_card__2SOIM
22:15:15 INFO  manager.MyListener - After Find Elements -->By.cssSelector: .contact-item_card__2SOIM
22:15:15 INFO  manager.MyListener - List size is -->3
22:15:15 INFO  manager.MyListener - Before Find Elements -->By.cssSelector: .contact-item_card__2SOIM
22:15:15 INFO  manager.MyListener - After Find Elements -->By.cssSelector: .contact-item_card__2SOIM
22:15:15 INFO  manager.MyListener - List size is -->3
22:15:15 INFO  manager.MyListener - Before Find Elements -->By.cssSelector: .contact-item_card__2SOIM
22:15:15 INFO  manager.MyListener - After Find Elements -->By.cssSelector: .contact-item_card__2SOIM
22:15:15 INFO  manager.MyListener - List size is -->3
22:15:15 INFO  manager.MyListener - Before Find Elements -->By.cssSelector: .contact-item_card__2SOIM
22:15:15 INFO  manager.MyListener - After Find Elements -->By.cssSelector: .contact-item_card__2SOIM
22:15:15 INFO  manager.MyListener - List size is -->3
22:15:15 INFO  manager.MyListener - Before Find Elements -->By.cssSelector: .contact-item_card__2SOIM
22:15:15 INFO  manager.MyListener - After Find Elements -->By.cssSelector: .contact-item_card__2SOIM
22:15:15 INFO  manager.MyListener - List size is -->3
22:15:15 INFO  manager.MyListener - Before Find Elements -->By.cssSelector: .contact-item_card__2SOIM
22:15:15 INFO  manager.MyListener - After Find Elements -->By.cssSelector: .contact-item_card__2SOIM
22:15:15 INFO  manager.MyListener - List size is -->3
22:15:15 INFO  manager.MyListener - Before Find Elements -->By.cssSelector: .contact-item_card__2SOIM
22:15:15 INFO  manager.MyListener - After Find Elements -->By.cssSelector: .contact-item_card__2SOIM
22:15:15 INFO  manager.MyListener - List size is -->3
22:15:15 INFO  manager.MyListener - Before Find Elements -->By.cssSelector: .contact-item_card__2SOIM
22:15:15 INFO  manager.MyListener - After Find Elements -->By.cssSelector: .contact-item_card__2SOIM
22:15:15 INFO  manager.MyListener - List size is -->3
22:15:15 INFO  manager.MyListener - Before Find Elements -->By.cssSelector: .contact-item_card__2SOIM
22:15:15 INFO  manager.MyListener - After Find Elements -->By.cssSelector: .contact-item_card__2SOIM
22:15:15 INFO  manager.MyListener - List size is -->3
22:15:15 INFO  manager.MyListener - Before Find Elements -->By.cssSelector: .contact-item_card__2SOIM
22:15:15 INFO  manager.MyListener - After Find Elements -->By.cssSelector: .contact-item_card__2SOIM
22:15:15 INFO  manager.MyListener - List size is -->3
22:15:15 INFO  manager.MyListener - Before Find Elements -->By.cssSelector: .contact-item_card__2SOIM
22:15:15 INFO  manager.MyListener - After Find Elements -->By.cssSelector: .contact-item_card__2SOIM
22:15:15 INFO  manager.MyListener - List size is -->3
22:15:15 INFO  manager.MyListener - Before Find Elements -->By.cssSelector: .contact-item_card__2SOIM
22:15:15 INFO  manager.MyListener - After Find Elements -->By.cssSelector: .contact-item_card__2SOIM
22:15:15 INFO  manager.MyListener - List size is -->3
22:15:15 INFO  manager.MyListener - Before Find Elements -->By.cssSelector: .contact-item_card__2SOIM
22:15:15 INFO  manager.MyListener - After Find Elements -->By.cssSelector: .contact-item_card__2SOIM
22:15:15 INFO  manager.MyListener - List size is -->3
22:15:15 INFO  manager.MyListener - Before Find Elements -->By.cssSelector: .contact-item_card__2SOIM
22:15:15 INFO  manager.MyListener - After Find Elements -->By.cssSelector: .contact-item_card__2SOIM
22:15:15 INFO  manager.MyListener - List size is -->3
22:15:15 INFO  manager.MyListener - Before Find Elements -->By.cssSelector: .contact-item_card__2SOIM
22:15:15 INFO  manager.MyListener - After Find Elements -->By.cssSelector: .contact-item_card__2SOIM
22:15:15 INFO  manager.MyListener - List size is -->3
22:15:15 INFO  manager.MyListener - Before Find Elements -->By.cssSelector: .contact-item_card__2SOIM
22:15:15 INFO  manager.MyListener - After Find Elements -->By.cssSelector: .contact-item_card__2SOIM
22:15:15 INFO  manager.MyListener - List size is -->3
22:15:15 INFO  manager.MyListener - Before Find Elements -->By.cssSelector: .contact-item_card__2SOIM
22:15:15 INFO  manager.MyListener - After Find Elements -->By.cssSelector: .contact-item_card__2SOIM
22:15:15 INFO  manager.MyListener - List size is -->3
22:15:15 INFO  manager.MyListener - Before Find Elements -->By.cssSelector: .contact-item_card__2SOIM
22:15:15 INFO  manager.MyListener - After Find Elements -->By.cssSelector: .contact-item_card__2SOIM
22:15:15 INFO  manager.MyListener - List size is -->3
22:15:15 INFO  manager.MyListener - Before Find Elements -->By.cssSelector: .contact-item_card__2SOIM
22:15:16 INFO  manager.MyListener - After Find Elements -->By.cssSelector: .contact-item_card__2SOIM
22:15:16 INFO  manager.MyListener - List size is -->3
22:15:16 INFO  manager.MyListener - Before Find Elements -->By.cssSelector: .contact-item_card__2SOIM
22:15:16 INFO  manager.MyListener - After Find Elements -->By.cssSelector: .contact-item_card__2SOIM
22:15:16 INFO  manager.MyListener - List size is -->3
22:15:16 INFO  manager.MyListener - Before Find Elements -->By.cssSelector: .contact-item_card__2SOIM
22:15:16 INFO  manager.MyListener - After Find Elements -->By.cssSelector: .contact-item_card__2SOIM
22:15:16 INFO  manager.MyListener - List size is -->3
22:15:16 INFO  manager.MyListener - Before Find Elements -->By.cssSelector: .contact-item_card__2SOIM
22:15:16 INFO  manager.MyListener - After Find Elements -->By.cssSelector: .contact-item_card__2SOIM
22:15:16 INFO  manager.MyListener - List size is -->3
22:15:16 INFO  manager.MyListener - Before Find Elements -->By.cssSelector: .contact-item_card__2SOIM
22:15:16 INFO  manager.MyListener - After Find Elements -->By.cssSelector: .contact-item_card__2SOIM
22:15:16 INFO  manager.MyListener - List size is -->3
22:15:16 INFO  manager.MyListener - Before Find Elements -->By.cssSelector: .contact-item_card__2SOIM
22:15:16 INFO  manager.MyListener - After Find Elements -->By.cssSelector: .contact-item_card__2SOIM
22:15:16 INFO  manager.MyListener - List size is -->3
22:15:16 INFO  manager.MyListener - Before Find Elements -->By.cssSelector: .contact-item_card__2SOIM
22:15:16 INFO  manager.MyListener - After Find Elements -->By.cssSelector: .contact-item_card__2SOIM
22:15:16 INFO  manager.MyListener - List size is -->3
22:15:16 INFO  manager.MyListener - Before Find Elements -->By.cssSelector: .contact-item_card__2SOIM
22:15:16 INFO  manager.MyListener - After Find Elements -->By.cssSelector: .contact-item_card__2SOIM
22:15:16 INFO  manager.MyListener - List size is -->3
22:15:16 INFO  manager.MyListener - Before Find Elements -->By.cssSelector: .contact-item_card__2SOIM
22:15:16 INFO  manager.MyListener - After Find Elements -->By.cssSelector: .contact-item_card__2SOIM
22:15:16 INFO  manager.MyListener - List size is -->3
22:15:16 INFO  manager.MyListener - Before Find Elements -->By.cssSelector: .contact-item_card__2SOIM
22:15:16 INFO  manager.MyListener - After Find Elements -->By.cssSelector: .contact-item_card__2SOIM
22:15:16 INFO  manager.MyListener - List size is -->3
22:15:16 INFO  manager.MyListener - Before Find Elements -->By.cssSelector: .contact-item_card__2SOIM
22:15:16 INFO  manager.MyListener - After Find Elements -->By.cssSelector: .contact-item_card__2SOIM
22:15:16 INFO  manager.MyListener - List size is -->3
22:15:16 INFO  manager.MyListener - Before Find Elements -->By.cssSelector: .contact-item_card__2SOIM
22:15:16 INFO  manager.MyListener - After Find Elements -->By.cssSelector: .contact-item_card__2SOIM
22:15:16 INFO  manager.MyListener - List size is -->3
22:15:16 INFO  manager.MyListener - Before Find Elements -->By.cssSelector: .contact-item_card__2SOIM
22:15:16 INFO  manager.MyListener - After Find Elements -->By.cssSelector: .contact-item_card__2SOIM
22:15:16 INFO  manager.MyListener - List size is -->3
22:15:16 INFO  manager.MyListener - Before Find Elements -->By.cssSelector: .contact-item_card__2SOIM
22:15:16 INFO  manager.MyListener - After Find Elements -->By.cssSelector: .contact-item_card__2SOIM
22:15:16 INFO  manager.MyListener - List size is -->3
22:15:16 INFO  manager.MyListener - Before Find Elements -->By.cssSelector: .contact-item_card__2SOIM
22:15:16 INFO  manager.MyListener - After Find Elements -->By.cssSelector: .contact-item_card__2SOIM
22:15:16 INFO  manager.MyListener - List size is -->3
22:15:16 INFO  manager.MyListener - Before Find Elements -->By.cssSelector: .contact-item_card__2SOIM
22:15:16 INFO  manager.MyListener - After Find Elements -->By.cssSelector: .contact-item_card__2SOIM
22:15:16 INFO  manager.MyListener - List size is -->3
22:15:16 INFO  manager.MyListener - Before Find Elements -->By.cssSelector: .contact-item_card__2SOIM
22:15:16 INFO  manager.MyListener - After Find Elements -->By.cssSelector: .contact-item_card__2SOIM
22:15:16 INFO  manager.MyListener - List size is -->3
22:15:16 INFO  manager.MyListener - Before Find Elements -->By.cssSelector: .contact-item_card__2SOIM
22:15:16 INFO  manager.MyListener - After Find Elements -->By.cssSelector: .contact-item_card__2SOIM
22:15:16 INFO  manager.MyListener - List size is -->3
22:15:16 INFO  manager.MyListener - Before Find Elements -->By.cssSelector: .contact-item_card__2SOIM
22:15:16 INFO  manager.MyListener - After Find Elements -->By.cssSelector: .contact-item_card__2SOIM
22:15:16 INFO  manager.MyListener - List size is -->3
22:15:16 INFO  manager.MyListener - Before Find Elements -->By.cssSelector: .contact-item_card__2SOIM
22:15:16 INFO  manager.MyListener - After Find Elements -->By.cssSelector: .contact-item_card__2SOIM
22:15:16 INFO  manager.MyListener - List size is -->3
22:15:16 INFO  manager.MyListener - Before Find Elements -->By.cssSelector: .contact-item_card__2SOIM
22:15:16 INFO  manager.MyListener - After Find Elements -->By.cssSelector: .contact-item_card__2SOIM
22:15:16 INFO  manager.MyListener - List size is -->3
22:15:16 INFO  manager.MyListener - Before Find Elements -->By.cssSelector: .contact-item_card__2SOIM
22:15:16 INFO  manager.MyListener - After Find Elements -->By.cssSelector: .contact-item_card__2SOIM
22:15:16 INFO  manager.MyListener - List size is -->3
22:15:16 INFO  manager.MyListener - Before Find Elements -->By.cssSelector: .contact-item_card__2SOIM
22:15:17 INFO  manager.MyListener - After Find Elements -->By.cssSelector: .contact-item_card__2SOIM
22:15:17 INFO  manager.MyListener - List size is -->3
22:15:17 INFO  manager.MyListener - Before Find Elements -->By.cssSelector: .contact-item_card__2SOIM
22:15:17 INFO  manager.MyListener - After Find Elements -->By.cssSelector: .contact-item_card__2SOIM
22:15:17 INFO  manager.MyListener - List size is -->3
22:15:17 INFO  manager.MyListener - Before Find Elements -->By.cssSelector: .contact-item_card__2SOIM
22:15:17 INFO  manager.MyListener - After Find Elements -->By.cssSelector: .contact-item_card__2SOIM
22:15:17 INFO  manager.MyListener - List size is -->3
22:15:17 INFO  manager.MyListener - Before Find Elements -->By.cssSelector: .contact-item_card__2SOIM
22:15:17 INFO  manager.MyListener - After Find Elements -->By.cssSelector: .contact-item_card__2SOIM
22:15:17 INFO  manager.MyListener - List size is -->3
22:15:17 INFO  manager.MyListener - Before Find Elements -->By.cssSelector: .contact-item_card__2SOIM
22:15:17 INFO  manager.MyListener - After Find Elements -->By.cssSelector: .contact-item_card__2SOIM
22:15:17 INFO  manager.MyListener - List size is -->3
22:15:17 INFO  manager.MyListener - Before Find Elements -->By.cssSelector: .contact-item_card__2SOIM
22:15:17 INFO  manager.MyListener - After Find Elements -->By.cssSelector: .contact-item_card__2SOIM
22:15:17 INFO  manager.MyListener - List size is -->3
22:15:17 INFO  manager.MyListener - Before Find Elements -->By.cssSelector: .contact-item_card__2SOIM
22:15:17 INFO  manager.MyListener - After Find Elements -->By.cssSelector: .contact-item_card__2SOIM
22:15:17 INFO  manager.MyListener - List size is -->3
22:15:17 INFO  manager.MyListener - Before Find Elements -->By.cssSelector: .contact-item_card__2SOIM
22:15:17 INFO  manager.MyListener - After Find Elements -->By.cssSelector: .contact-item_card__2SOIM
22:15:17 INFO  manager.MyListener - List size is -->3
22:15:17 INFO  manager.MyListener - Before Find Elements -->By.cssSelector: .contact-item_card__2SOIM
22:15:17 INFO  manager.MyListener - After Find Elements -->By.cssSelector: .contact-item_card__2SOIM
22:15:17 INFO  manager.MyListener - List size is -->3
22:15:17 INFO  manager.MyListener - Before Find Elements -->By.cssSelector: .contact-item_card__2SOIM
22:15:17 INFO  manager.MyListener - After Find Elements -->By.cssSelector: .contact-item_card__2SOIM
22:15:17 INFO  manager.MyListener - List size is -->3
22:15:17 INFO  manager.MyListener - Before Find Elements -->By.cssSelector: .contact-item_card__2SOIM
22:15:17 INFO  manager.MyListener - After Find Elements -->By.cssSelector: .contact-item_card__2SOIM
22:15:17 INFO  manager.MyListener - List size is -->3
22:15:17 INFO  manager.MyListener - Before Find Elements -->By.cssSelector: .contact-item_card__2SOIM
22:15:17 INFO  manager.MyListener - After Find Elements -->By.cssSelector: .contact-item_card__2SOIM
22:15:17 INFO  manager.MyListener - List size is -->3
22:15:17 INFO  manager.MyListener - Before Find Elements -->By.cssSelector: .contact-item_card__2SOIM
22:15:17 INFO  manager.MyListener - After Find Elements -->By.cssSelector: .contact-item_card__2SOIM
22:15:17 INFO  manager.MyListener - List size is -->3
22:15:17 INFO  manager.MyListener - Before Find Elements -->By.cssSelector: .contact-item_card__2SOIM
22:15:17 INFO  manager.MyListener - After Find Elements -->By.cssSelector: .contact-item_card__2SOIM
22:15:17 INFO  manager.MyListener - List size is -->3
22:15:17 INFO  manager.MyListener - Before Find Elements -->By.cssSelector: .contact-item_card__2SOIM
22:15:17 INFO  manager.MyListener - After Find Elements -->By.cssSelector: .contact-item_card__2SOIM
22:15:17 INFO  manager.MyListener - List size is -->3
22:15:17 INFO  manager.MyListener - Before Find Elements -->By.cssSelector: .contact-item_card__2SOIM
22:15:17 INFO  manager.MyListener - After Find Elements -->By.cssSelector: .contact-item_card__2SOIM
22:15:17 INFO  manager.MyListener - List size is -->3
22:15:17 INFO  manager.MyListener - Before Find Elements -->By.cssSelector: .contact-item_card__2SOIM
22:15:17 INFO  manager.MyListener - After Find Elements -->By.cssSelector: .contact-item_card__2SOIM
22:15:17 INFO  manager.MyListener - List size is -->3
22:15:17 INFO  manager.MyListener - Before Find Elements -->By.cssSelector: .contact-item_card__2SOIM
22:15:17 INFO  manager.MyListener - After Find Elements -->By.cssSelector: .contact-item_card__2SOIM
22:15:17 INFO  manager.MyListener - List size is -->3
22:15:17 INFO  manager.MyListener - Before Find Elements -->By.cssSelector: .contact-item_card__2SOIM
22:15:17 INFO  manager.MyListener - After Find Elements -->By.cssSelector: .contact-item_card__2SOIM
22:15:17 INFO  manager.MyListener - List size is -->3
22:15:17 INFO  manager.MyListener - Before Find Elements -->By.cssSelector: .contact-item_card__2SOIM
22:15:17 INFO  manager.MyListener - After Find Elements -->By.cssSelector: .contact-item_card__2SOIM
22:15:17 INFO  manager.MyListener - List size is -->3
22:15:17 INFO  manager.MyListener - Before Find Elements -->By.cssSelector: .contact-item_card__2SOIM
22:15:17 INFO  manager.MyListener - After Find Elements -->By.cssSelector: .contact-item_card__2SOIM
22:15:17 INFO  manager.MyListener - List size is -->3
22:15:17 INFO  manager.MyListener - Before Find Elements -->By.cssSelector: .contact-item_card__2SOIM
22:15:17 INFO  manager.MyListener - After Find Elements -->By.cssSelector: .contact-item_card__2SOIM
22:15:17 INFO  manager.MyListener - List size is -->3
22:15:17 INFO  manager.MyListener - Before Find Elements -->By.cssSelector: .contact-item_card__2SOIM
22:15:18 INFO  manager.MyListener - After Find Elements -->By.cssSelector: .contact-item_card__2SOIM
22:15:18 INFO  manager.MyListener - List size is -->3
22:15:18 INFO  manager.MyListener - Before Find Elements -->By.cssSelector: .contact-item_card__2SOIM
22:15:18 INFO  manager.MyListener - After Find Elements -->By.cssSelector: .contact-item_card__2SOIM
22:15:18 INFO  manager.MyListener - List size is -->3
22:15:18 INFO  manager.MyListener - Before Find Elements -->By.cssSelector: .contact-item_card__2SOIM
22:15:18 INFO  manager.MyListener - After Find Elements -->By.cssSelector: .contact-item_card__2SOIM
22:15:18 INFO  manager.MyListener - List size is -->3
22:15:18 INFO  manager.MyListener - Before Find Elements -->By.cssSelector: .contact-item_card__2SOIM
22:15:18 INFO  manager.MyListener - After Find Elements -->By.cssSelector: .contact-item_card__2SOIM
22:15:18 INFO  manager.MyListener - List size is -->3
22:15:18 INFO  manager.MyListener - Before Find Elements -->By.cssSelector: .contact-item_card__2SOIM
22:15:18 INFO  manager.MyListener - After Find Elements -->By.cssSelector: .contact-item_card__2SOIM
22:15:18 INFO  manager.MyListener - List size is -->3
22:15:18 INFO  manager.MyListener - Before Find Elements -->By.cssSelector: .contact-item_card__2SOIM
22:15:18 INFO  manager.MyListener - After Find Elements -->By.cssSelector: .contact-item_card__2SOIM
22:15:18 INFO  manager.MyListener - List size is -->3
22:15:18 INFO  manager.MyListener - Before Find Elements -->By.cssSelector: .contact-item_card__2SOIM
22:15:18 INFO  manager.MyListener - After Find Elements -->By.cssSelector: .contact-item_card__2SOIM
22:15:18 INFO  manager.MyListener - List size is -->3
22:15:18 INFO  manager.MyListener - Before Find Elements -->By.cssSelector: .contact-item_card__2SOIM
22:15:18 INFO  manager.MyListener - After Find Elements -->By.cssSelector: .contact-item_card__2SOIM
22:15:18 INFO  manager.MyListener - List size is -->3
22:15:18 INFO  manager.MyListener - Before Find Elements -->By.cssSelector: .contact-item_card__2SOIM
22:15:18 INFO  manager.MyListener - After Find Elements -->By.cssSelector: .contact-item_card__2SOIM
22:15:18 INFO  manager.MyListener - List size is -->3
22:15:18 INFO  manager.MyListener - Before Find Elements -->By.cssSelector: .contact-item_card__2SOIM
22:15:18 INFO  manager.MyListener - After Find Elements -->By.cssSelector: .contact-item_card__2SOIM
22:15:18 INFO  manager.MyListener - List size is -->3
22:15:18 INFO  manager.MyListener - Before Find Elements -->By.cssSelector: .contact-item_card__2SOIM
22:15:18 INFO  manager.MyListener - After Find Elements -->By.cssSelector: .contact-item_card__2SOIM
22:15:18 INFO  manager.MyListener - List size is -->3
22:15:18 INFO  manager.MyListener - Before Find Elements -->By.cssSelector: .contact-item_card__2SOIM
22:15:18 INFO  manager.MyListener - After Find Elements -->By.cssSelector: .contact-item_card__2SOIM
22:15:18 INFO  manager.MyListener - List size is -->3
22:15:18 INFO  manager.MyListener - Before Find Elements -->By.cssSelector: .contact-item_card__2SOIM
22:15:18 INFO  manager.MyListener - After Find Elements -->By.cssSelector: .contact-item_card__2SOIM
22:15:18 INFO  manager.MyListener - List size is -->3
22:15:18 INFO  manager.MyListener - Before Find Elements -->By.cssSelector: .contact-item_card__2SOIM
22:15:18 INFO  manager.MyListener - After Find Elements -->By.cssSelector: .contact-item_card__2SOIM
22:15:18 INFO  manager.MyListener - List size is -->3
22:15:18 INFO  manager.MyListener - Before Find Elements -->By.cssSelector: .contact-item_card__2SOIM
22:15:18 INFO  manager.MyListener - After Find Elements -->By.cssSelector: .contact-item_card__2SOIM
22:15:18 INFO  manager.MyListener - List size is -->3
22:15:18 INFO  manager.MyListener - Before Find Elements -->By.cssSelector: .contact-item_card__2SOIM
22:15:18 INFO  manager.MyListener - After Find Elements -->By.cssSelector: .contact-item_card__2SOIM
22:15:18 INFO  manager.MyListener - List size is -->3
22:15:18 INFO  manager.MyListener - Before Find Elements -->By.cssSelector: .contact-item_card__2SOIM
22:15:18 INFO  manager.MyListener - After Find Elements -->By.cssSelector: .contact-item_card__2SOIM
22:15:18 INFO  manager.MyListener - List size is -->3
22:15:18 INFO  manager.MyListener - Before Find Elements -->By.cssSelector: .contact-item_card__2SOIM
22:15:18 INFO  manager.MyListener - After Find Elements -->By.cssSelector: .contact-item_card__2SOIM
22:15:18 INFO  manager.MyListener - List size is -->3
22:15:18 INFO  manager.MyListener - Before Find Elements -->By.cssSelector: .contact-item_card__2SOIM
22:15:18 INFO  manager.MyListener - After Find Elements -->By.cssSelector: .contact-item_card__2SOIM
22:15:18 INFO  manager.MyListener - List size is -->3
22:15:18 INFO  manager.MyListener - Before Find Elements -->By.cssSelector: .contact-item_card__2SOIM
22:15:18 INFO  manager.MyListener - After Find Elements -->By.cssSelector: .contact-item_card__2SOIM
22:15:18 INFO  manager.MyListener - List size is -->3
22:15:18 INFO  manager.MyListener - Before Find Elements -->By.cssSelector: .contact-item_card__2SOIM
22:15:18 INFO  manager.MyListener - After Find Elements -->By.cssSelector: .contact-item_card__2SOIM
22:15:18 INFO  manager.MyListener - List size is -->3
22:15:18 INFO  manager.MyListener - Before Find Elements -->By.cssSelector: .contact-item_card__2SOIM
22:15:19 INFO  manager.MyListener - After Find Elements -->By.cssSelector: .contact-item_card__2SOIM
22:15:19 INFO  manager.MyListener - List size is -->3
22:15:19 INFO  manager.MyListener - Before Find Elements -->By.cssSelector: .contact-item_card__2SOIM
22:15:19 INFO  manager.MyListener - After Find Elements -->By.cssSelector: .contact-item_card__2SOIM
22:15:19 INFO  manager.MyListener - List size is -->3
22:15:19 INFO  manager.MyListener - Before Find Elements -->By.cssSelector: .contact-item_card__2SOIM
22:15:19 INFO  manager.MyListener - After Find Elements -->By.cssSelector: .contact-item_card__2SOIM
22:15:19 INFO  manager.MyListener - List size is -->3
22:15:19 INFO  manager.MyListener - Before Find Elements -->By.cssSelector: .contact-item_card__2SOIM
22:15:19 INFO  manager.MyListener - After Find Elements -->By.cssSelector: .contact-item_card__2SOIM
22:15:19 INFO  manager.MyListener - List size is -->3
22:15:19 INFO  manager.MyListener - Before Find Elements -->By.cssSelector: .contact-item_card__2SOIM
22:15:19 INFO  manager.MyListener - After Find Elements -->By.cssSelector: .contact-item_card__2SOIM
22:15:19 INFO  manager.MyListener - List size is -->3
22:15:19 INFO  manager.MyListener - Before Find Elements -->By.cssSelector: .contact-item_card__2SOIM
22:15:19 INFO  manager.MyListener - After Find Elements -->By.cssSelector: .contact-item_card__2SOIM
22:15:19 INFO  manager.MyListener - List size is -->3
22:15:19 INFO  manager.MyListener - Before Find Elements -->By.cssSelector: .contact-item_card__2SOIM
22:15:19 INFO  manager.MyListener - After Find Elements -->By.cssSelector: .contact-item_card__2SOIM
22:15:19 INFO  manager.MyListener - List size is -->3
22:15:19 INFO  manager.MyListener - Before Find Elements -->By.cssSelector: .contact-item_card__2SOIM
22:15:19 INFO  manager.MyListener - After Find Elements -->By.cssSelector: .contact-item_card__2SOIM
22:15:19 INFO  manager.MyListener - List size is -->3
22:15:19 INFO  manager.MyListener - Before Find Elements -->By.cssSelector: .contact-item_card__2SOIM
22:15:19 INFO  manager.MyListener - After Find Elements -->By.cssSelector: .contact-item_card__2SOIM
22:15:19 INFO  manager.MyListener - List size is -->3
22:15:19 INFO  manager.MyListener - Before Find Elements -->By.cssSelector: .contact-item_card__2SOIM
22:15:19 INFO  manager.MyListener - After Find Elements -->By.cssSelector: .contact-item_card__2SOIM
22:15:19 INFO  manager.MyListener - List size is -->3
22:15:19 INFO  manager.MyListener - Before Find Elements -->By.cssSelector: .contact-item_card__2SOIM
22:15:19 INFO  manager.MyListener - After Find Elements -->By.cssSelector: .contact-item_card__2SOIM
22:15:19 INFO  manager.MyListener - List size is -->3
22:15:19 INFO  manager.MyListener - Before Find Elements -->By.cssSelector: .contact-item_card__2SOIM
22:15:19 INFO  manager.MyListener - After Find Elements -->By.cssSelector: .contact-item_card__2SOIM
22:15:19 INFO  manager.MyListener - List size is -->3
22:15:19 INFO  manager.MyListener - Before Find Elements -->By.cssSelector: .contact-item_card__2SOIM
22:15:19 INFO  manager.MyListener - After Find Elements -->By.cssSelector: .contact-item_card__2SOIM
22:15:19 INFO  manager.MyListener - List size is -->3
22:15:19 INFO  manager.MyListener - Before Find Elements -->By.cssSelector: .contact-item_card__2SOIM
22:15:19 INFO  manager.MyListener - After Find Elements -->By.cssSelector: .contact-item_card__2SOIM
22:15:19 INFO  manager.MyListener - List size is -->3
22:15:19 INFO  manager.MyListener - Before Find Elements -->By.cssSelector: .contact-item_card__2SOIM
22:15:19 INFO  manager.MyListener - After Find Elements -->By.cssSelector: .contact-item_card__2SOIM
22:15:19 INFO  manager.MyListener - List size is -->3
22:15:19 INFO  manager.MyListener - Before Find Elements -->By.cssSelector: .contact-item_card__2SOIM
22:15:19 INFO  manager.MyListener - After Find Elements -->By.cssSelector: .contact-item_card__2SOIM
22:15:19 INFO  manager.MyListener - List size is -->3
22:15:19 INFO  manager.MyListener - Before Find Elements -->By.cssSelector: .contact-item_card__2SOIM
22:15:19 INFO  manager.MyListener - After Find Elements -->By.cssSelector: .contact-item_card__2SOIM
22:15:19 INFO  manager.MyListener - List size is -->3
22:15:19 INFO  manager.MyListener - Before Find Elements -->By.cssSelector: .contact-item_card__2SOIM
22:15:19 INFO  manager.MyListener - After Find Elements -->By.cssSelector: .contact-item_card__2SOIM
22:15:19 INFO  manager.MyListener - List size is -->3
22:15:19 INFO  manager.MyListener - Before Find Elements -->By.cssSelector: .contact-item_card__2SOIM
22:15:19 INFO  manager.MyListener - After Find Elements -->By.cssSelector: .contact-item_card__2SOIM
22:15:19 INFO  manager.MyListener - List size is -->3
22:15:19 INFO  manager.MyListener - Before Find Elements -->By.cssSelector: .contact-item_card__2SOIM
22:15:19 INFO  manager.MyListener - After Find Elements -->By.cssSelector: .contact-item_card__2SOIM
22:15:19 INFO  manager.MyListener - List size is -->3
22:15:19 INFO  manager.MyListener - Before Find Elements -->By.cssSelector: .contact-item_card__2SOIM
22:15:19 INFO  manager.MyListener - After Find Elements -->By.cssSelector: .contact-item_card__2SOIM
22:15:19 INFO  manager.MyListener - List size is -->3
22:15:19 INFO  manager.MyListener - Before Find Elements -->By.cssSelector: .contact-item_card__2SOIM
22:15:19 INFO  manager.MyListener - After Find Elements -->By.cssSelector: .contact-item_card__2SOIM
22:15:19 INFO  manager.MyListener - List size is -->3
22:15:19 INFO  manager.MyListener - Before Find Elements -->By.cssSelector: .contact-item_card__2SOIM
22:15:19 INFO  manager.MyListener - After Find Elements -->By.cssSelector: .contact-item_card__2SOIM
22:15:19 INFO  manager.MyListener - List size is -->3
22:15:19 INFO  manager.MyListener - Before Find Elements -->By.cssSelector: .contact-item_card__2SOIM
22:15:19 INFO  manager.MyListener - After Find Elements -->By.cssSelector: .contact-item_card__2SOIM
22:15:19 INFO  manager.MyListener - List size is -->3
22:15:19 INFO  manager.MyListener - Before Find Elements -->By.cssSelector: .contact-item_card__2SOIM
22:15:20 INFO  manager.MyListener - After Find Elements -->By.cssSelector: .contact-item_card__2SOIM
22:15:20 INFO  manager.MyListener - List size is -->3
22:15:20 INFO  manager.MyListener - Before Find Elements -->By.cssSelector: .contact-item_card__2SOIM
22:15:20 INFO  manager.MyListener - After Find Elements -->By.cssSelector: .contact-item_card__2SOIM
22:15:20 INFO  manager.MyListener - List size is -->3
22:15:20 INFO  manager.MyListener - Before Find Elements -->By.cssSelector: .contact-item_card__2SOIM
22:15:20 INFO  manager.MyListener - After Find Elements -->By.cssSelector: .contact-item_card__2SOIM
22:15:20 INFO  manager.MyListener - List size is -->3
22:15:20 INFO  manager.MyListener - Before Find Elements -->By.cssSelector: .contact-item_card__2SOIM
22:15:20 INFO  manager.MyListener - After Find Elements -->By.cssSelector: .contact-item_card__2SOIM
22:15:20 INFO  manager.MyListener - List size is -->3
22:15:20 INFO  manager.MyListener - Before Find Elements -->By.cssSelector: .contact-item_card__2SOIM
22:15:20 INFO  manager.MyListener - After Find Elements -->By.cssSelector: .contact-item_card__2SOIM
22:15:20 INFO  manager.MyListener - List size is -->3
22:15:20 INFO  manager.MyListener - Before Find Elements -->By.cssSelector: .contact-item_card__2SOIM
22:15:20 INFO  manager.MyListener - After Find Elements -->By.cssSelector: .contact-item_card__2SOIM
22:15:20 INFO  manager.MyListener - List size is -->3
22:15:20 INFO  manager.MyListener - Before Find Elements -->By.cssSelector: .contact-item_card__2SOIM
22:15:20 INFO  manager.MyListener - After Find Elements -->By.cssSelector: .contact-item_card__2SOIM
22:15:20 INFO  manager.MyListener - List size is -->3
22:15:20 INFO  manager.MyListener - Before Find Elements -->By.cssSelector: .contact-item_card__2SOIM
22:15:20 INFO  manager.MyListener - After Find Elements -->By.cssSelector: .contact-item_card__2SOIM
22:15:20 INFO  manager.MyListener - List size is -->3
22:15:20 INFO  manager.MyListener - Before Find Elements -->By.cssSelector: .contact-item_card__2SOIM
22:15:20 INFO  manager.MyListener - After Find Elements -->By.cssSelector: .contact-item_card__2SOIM
22:15:20 INFO  manager.MyListener - List size is -->3
22:15:20 INFO  manager.MyListener - Before Find Elements -->By.cssSelector: .contact-item_card__2SOIM
22:15:20 INFO  manager.MyListener - After Find Elements -->By.cssSelector: .contact-item_card__2SOIM
22:15:20 INFO  manager.MyListener - List size is -->3
22:15:20 INFO  manager.MyListener - Before Find Elements -->By.cssSelector: .contact-item_card__2SOIM
22:15:20 INFO  manager.MyListener - After Find Elements -->By.cssSelector: .contact-item_card__2SOIM
22:15:20 INFO  manager.MyListener - List size is -->3
22:15:20 INFO  manager.MyListener - Before Find Elements -->By.cssSelector: .contact-item_card__2SOIM
22:15:20 INFO  manager.MyListener - After Find Elements -->By.cssSelector: .contact-item_card__2SOIM
22:15:20 INFO  manager.MyListener - List size is -->3
22:15:20 INFO  manager.MyListener - Before Find Elements -->By.cssSelector: .contact-item_card__2SOIM
22:15:20 INFO  manager.MyListener - After Find Elements -->By.cssSelector: .contact-item_card__2SOIM
22:15:20 INFO  manager.MyListener - List size is -->3
22:15:20 INFO  manager.MyListener - Before Find Elements -->By.cssSelector: .contact-item_card__2SOIM
22:15:20 INFO  manager.MyListener - After Find Elements -->By.cssSelector: .contact-item_card__2SOIM
22:15:20 INFO  manager.MyListener - List size is -->3
22:15:20 INFO  manager.MyListener - Before Find Elements -->By.cssSelector: .contact-item_card__2SOIM
22:15:20 INFO  manager.MyListener - After Find Elements -->By.cssSelector: .contact-item_card__2SOIM
22:15:20 INFO  manager.MyListener - List size is -->3
22:15:20 INFO  manager.MyListener - Before Find Elements -->By.cssSelector: .contact-item_card__2SOIM
22:15:20 INFO  manager.MyListener - After Find Elements -->By.cssSelector: .contact-item_card__2SOIM
22:15:20 INFO  manager.MyListener - List size is -->3
22:15:20 INFO  manager.MyListener - Before Find Elements -->By.cssSelector: .contact-item_card__2SOIM
22:15:20 INFO  manager.MyListener - After Find Elements -->By.cssSelector: .contact-item_card__2SOIM
22:15:20 INFO  manager.MyListener - List size is -->3
22:15:20 INFO  manager.MyListener - Before Find Elements -->By.cssSelector: .contact-item_card__2SOIM
22:15:20 INFO  manager.MyListener - After Find Elements -->By.cssSelector: .contact-item_card__2SOIM
22:15:20 INFO  manager.MyListener - List size is -->3
22:15:20 INFO  manager.MyListener - Before Find Elements -->By.cssSelector: .contact-item_card__2SOIM
22:15:20 INFO  manager.MyListener - After Find Elements -->By.cssSelector: .contact-item_card__2SOIM
22:15:20 INFO  manager.MyListener - List size is -->3
22:15:20 INFO  manager.MyListener - Before Find Elements -->By.cssSelector: .contact-item_card__2SOIM
22:15:20 INFO  manager.MyListener - After Find Elements -->By.cssSelector: .contact-item_card__2SOIM
22:15:20 INFO  manager.MyListener - List size is -->3
22:15:20 INFO  manager.MyListener - Before Find Elements -->By.cssSelector: .contact-item_card__2SOIM
22:15:20 INFO  manager.MyListener - After Find Elements -->By.cssSelector: .contact-item_card__2SOIM
22:15:20 INFO  manager.MyListener - List size is -->3
22:15:20 INFO  manager.MyListener - Before Find Elements -->By.cssSelector: .contact-item_card__2SOIM
22:15:20 INFO  manager.MyListener - After Find Elements -->By.cssSelector: .contact-item_card__2SOIM
22:15:20 INFO  manager.MyListener - List size is -->3
22:15:20 INFO  manager.MyListener - Before Find Elements -->By.cssSelector: .contact-item_card__2SOIM
22:15:20 INFO  manager.MyListener - After Find Elements -->By.cssSelector: .contact-item_card__2SOIM
22:15:20 INFO  manager.MyListener - List size is -->3
22:15:20 INFO  manager.MyListener - Before Find Elements -->By.cssSelector: .contact-item_card__2SOIM
22:15:20 INFO  manager.MyListener - After Find Elements -->By.cssSelector: .contact-item_card__2SOIM
22:15:21 INFO  manager.MyListener - List size is -->3
22:15:21 INFO  manager.MyListener - Before Find Elements -->By.cssSelector: .contact-item_card__2SOIM
22:15:21 INFO  manager.MyListener - After Find Elements -->By.cssSelector: .contact-item_card__2SOIM
22:15:21 INFO  manager.MyListener - List size is -->3
22:15:21 INFO  manager.MyListener - Before Find Elements -->By.cssSelector: .contact-item_card__2SOIM
22:15:21 INFO  manager.MyListener - After Find Elements -->By.cssSelector: .contact-item_card__2SOIM
22:15:21 INFO  manager.MyListener - List size is -->3
22:15:21 INFO  manager.MyListener - Before Find Elements -->By.cssSelector: .contact-item_card__2SOIM
22:15:21 INFO  manager.MyListener - After Find Elements -->By.cssSelector: .contact-item_card__2SOIM
22:15:21 INFO  manager.MyListener - List size is -->3
22:15:21 INFO  manager.MyListener - Before Find Elements -->By.cssSelector: .contact-item_card__2SOIM
22:15:21 INFO  manager.MyListener - After Find Elements -->By.cssSelector: .contact-item_card__2SOIM
22:15:21 INFO  manager.MyListener - List size is -->3
22:15:21 INFO  manager.MyListener - Before Find Elements -->By.cssSelector: .contact-item_card__2SOIM
22:15:21 INFO  manager.MyListener - After Find Elements -->By.cssSelector: .contact-item_card__2SOIM
22:15:21 INFO  manager.MyListener - List size is -->3
22:15:21 INFO  manager.MyListener - Before Find Elements -->By.cssSelector: .contact-item_card__2SOIM
22:15:21 INFO  manager.MyListener - After Find Elements -->By.cssSelector: .contact-item_card__2SOIM
22:15:21 INFO  manager.MyListener - List size is -->3
22:15:21 INFO  manager.MyListener - Before Find Elements -->By.cssSelector: .contact-item_card__2SOIM
22:15:21 INFO  manager.MyListener - After Find Elements -->By.cssSelector: .contact-item_card__2SOIM
22:15:21 INFO  manager.MyListener - List size is -->3
22:15:21 INFO  manager.MyListener - Before Find Elements -->By.cssSelector: .contact-item_card__2SOIM
22:15:21 INFO  manager.MyListener - After Find Elements -->By.cssSelector: .contact-item_card__2SOIM
22:15:21 INFO  manager.MyListener - List size is -->3
22:15:21 INFO  manager.MyListener - Before Find Elements -->By.cssSelector: .contact-item_card__2SOIM
22:15:21 INFO  manager.MyListener - After Find Elements -->By.cssSelector: .contact-item_card__2SOIM
22:15:21 INFO  manager.MyListener - List size is -->3
22:15:21 INFO  manager.MyListener - Before Find Elements -->By.cssSelector: .contact-item_card__2SOIM
22:15:21 INFO  manager.MyListener - After Find Elements -->By.cssSelector: .contact-item_card__2SOIM
22:15:21 INFO  manager.MyListener - List size is -->3
22:15:21 INFO  manager.MyListener - Before Find Elements -->By.cssSelector: .contact-item_card__2SOIM
22:15:21 INFO  manager.MyListener - After Find Elements -->By.cssSelector: .contact-item_card__2SOIM
22:15:21 INFO  manager.MyListener - List size is -->3
22:15:21 INFO  manager.MyListener - Before Find Elements -->By.cssSelector: .contact-item_card__2SOIM
22:15:21 INFO  manager.MyListener - After Find Elements -->By.cssSelector: .contact-item_card__2SOIM
22:15:21 INFO  manager.MyListener - List size is -->3
22:15:21 INFO  manager.MyListener - Before Find Elements -->By.cssSelector: .contact-item_card__2SOIM
22:15:21 INFO  manager.MyListener - After Find Elements -->By.cssSelector: .contact-item_card__2SOIM
22:15:21 INFO  manager.MyListener - List size is -->3
22:15:21 INFO  manager.MyListener - Before Find Elements -->By.cssSelector: .contact-item_card__2SOIM
22:15:21 INFO  manager.MyListener - After Find Elements -->By.cssSelector: .contact-item_card__2SOIM
22:15:21 INFO  manager.MyListener - List size is -->3
22:15:21 INFO  manager.MyListener - Before Find Elements -->By.cssSelector: .contact-item_card__2SOIM
22:15:21 INFO  manager.MyListener - After Find Elements -->By.cssSelector: .contact-item_card__2SOIM
22:15:21 INFO  manager.MyListener - List size is -->3
22:15:21 INFO  manager.MyListener - Before Find Elements -->By.cssSelector: .contact-item_card__2SOIM
22:15:21 INFO  manager.MyListener - After Find Elements -->By.cssSelector: .contact-item_card__2SOIM
22:15:21 INFO  manager.MyListener - List size is -->3
22:15:21 INFO  manager.MyListener - Before Find Elements -->By.cssSelector: .contact-item_card__2SOIM
22:15:21 INFO  manager.MyListener - After Find Elements -->By.cssSelector: .contact-item_card__2SOIM
22:15:21 INFO  manager.MyListener - List size is -->3
22:15:21 INFO  manager.MyListener - Before Find Elements -->By.cssSelector: .contact-item_card__2SOIM
22:15:22 INFO  manager.MyListener - After Find Elements -->By.cssSelector: .contact-item_card__2SOIM
22:15:22 INFO  manager.MyListener - List size is -->3
22:15:22 INFO  manager.MyListener - Before Find Elements -->By.cssSelector: .contact-item_card__2SOIM
22:15:22 INFO  manager.MyListener - After Find Elements -->By.cssSelector: .contact-item_card__2SOIM
22:15:22 INFO  manager.MyListener - List size is -->3
22:15:22 INFO  manager.MyListener - Before Find Elements -->By.cssSelector: .contact-item_card__2SOIM
22:15:22 INFO  manager.MyListener - After Find Elements -->By.cssSelector: .contact-item_card__2SOIM
22:15:22 INFO  manager.MyListener - List size is -->3
22:15:22 INFO  manager.MyListener - Before Find Elements -->By.cssSelector: .contact-item_card__2SOIM
22:15:22 INFO  manager.MyListener - After Find Elements -->By.cssSelector: .contact-item_card__2SOIM
22:15:22 INFO  manager.MyListener - List size is -->3
22:15:22 INFO  manager.MyListener - Before Find Elements -->By.cssSelector: .contact-item_card__2SOIM
22:15:22 INFO  manager.MyListener - After Find Elements -->By.cssSelector: .contact-item_card__2SOIM
22:15:22 INFO  manager.MyListener - List size is -->3
22:15:22 INFO  manager.MyListener - Before Find Elements -->By.cssSelector: .contact-item_card__2SOIM
22:15:22 INFO  manager.MyListener - After Find Elements -->By.cssSelector: .contact-item_card__2SOIM
22:15:22 INFO  manager.MyListener - List size is -->3
22:15:22 INFO  manager.MyListener - Before Find Elements -->By.cssSelector: .contact-item_card__2SOIM
22:15:22 INFO  manager.MyListener - After Find Elements -->By.cssSelector: .contact-item_card__2SOIM
22:15:22 INFO  manager.MyListener - List size is -->3
22:15:22 INFO  manager.MyListener - Before Find Elements -->By.cssSelector: .contact-item_card__2SOIM
22:15:22 INFO  manager.MyListener - After Find Elements -->By.cssSelector: .contact-item_card__2SOIM
22:15:22 INFO  manager.MyListener - List size is -->3
22:15:22 INFO  manager.MyListener - Before Find Elements -->By.cssSelector: .contact-item_card__2SOIM
22:15:22 INFO  manager.MyListener - After Find Elements -->By.cssSelector: .contact-item_card__2SOIM
22:15:22 INFO  manager.MyListener - List size is -->3
22:15:22 INFO  manager.MyListener - Before Find Elements -->By.cssSelector: .contact-item_card__2SOIM
22:15:22 INFO  manager.MyListener - After Find Elements -->By.cssSelector: .contact-item_card__2SOIM
22:15:22 INFO  manager.MyListener - List size is -->3
22:15:22 INFO  manager.MyListener - Before Find Elements -->By.cssSelector: .contact-item_card__2SOIM
22:15:22 INFO  manager.MyListener - After Find Elements -->By.cssSelector: .contact-item_card__2SOIM
22:15:22 INFO  manager.MyListener - List size is -->3
22:15:22 INFO  manager.MyListener - Before Find Elements -->By.cssSelector: .contact-item_card__2SOIM
22:15:22 INFO  manager.MyListener - After Find Elements -->By.cssSelector: .contact-item_card__2SOIM
22:15:22 INFO  manager.MyListener - List size is -->3
22:15:22 INFO  manager.MyListener - Before Find Elements -->By.cssSelector: .contact-item_card__2SOIM
22:15:23 INFO  manager.MyListener - After Find Elements -->By.cssSelector: .contact-item_card__2SOIM
22:15:23 INFO  manager.MyListener - List size is -->3
22:15:23 INFO  manager.MyListener - Before Find Elements -->By.cssSelector: .contact-item_card__2SOIM
22:15:23 INFO  manager.MyListener - After Find Elements -->By.cssSelector: .contact-item_card__2SOIM
22:15:23 INFO  manager.MyListener - List size is -->3
22:15:23 INFO  manager.MyListener - Before Find Elements -->By.cssSelector: .contact-item_card__2SOIM
22:15:23 INFO  manager.MyListener - After Find Elements -->By.cssSelector: .contact-item_card__2SOIM
22:15:23 INFO  manager.MyListener - List size is -->3
22:15:23 INFO  manager.MyListener - Before Find Elements -->By.cssSelector: .contact-item_card__2SOIM
22:15:23 INFO  manager.MyListener - After Find Elements -->By.cssSelector: .contact-item_card__2SOIM
22:15:23 INFO  manager.MyListener - List size is -->3
22:15:23 INFO  manager.MyListener - Before Find Elements -->By.cssSelector: .contact-item_card__2SOIM
22:15:23 INFO  manager.MyListener - After Find Elements -->By.cssSelector: .contact-item_card__2SOIM
22:15:23 INFO  manager.MyListener - List size is -->3
22:15:23 INFO  manager.MyListener - Before Find Elements -->By.cssSelector: .contact-item_card__2SOIM
22:15:23 INFO  manager.MyListener - After Find Elements -->By.cssSelector: .contact-item_card__2SOIM
22:15:23 INFO  manager.MyListener - List size is -->3
22:15:23 INFO  manager.MyListener - Before Find Elements -->By.cssSelector: .contact-item_card__2SOIM
22:15:23 INFO  manager.MyListener - After Find Elements -->By.cssSelector: .contact-item_card__2SOIM
22:15:23 INFO  manager.MyListener - List size is -->3
22:15:23 INFO  manager.MyListener - Before Find Elements -->By.cssSelector: .contact-item_card__2SOIM
22:15:23 INFO  manager.MyListener - After Find Elements -->By.cssSelector: .contact-item_card__2SOIM
22:15:23 INFO  manager.MyListener - List size is -->3
22:15:23 INFO  manager.MyListener - Before Find Elements -->By.cssSelector: .contact-item_card__2SOIM
22:15:23 INFO  manager.MyListener - After Find Elements -->By.cssSelector: .contact-item_card__2SOIM
22:15:23 INFO  manager.MyListener - List size is -->3
22:15:23 INFO  manager.MyListener - Before Find Elements -->By.cssSelector: .contact-item_card__2SOIM
22:15:23 INFO  manager.MyListener - After Find Elements -->By.cssSelector: .contact-item_card__2SOIM
22:15:23 INFO  manager.MyListener - List size is -->3
22:15:23 INFO  manager.MyListener - Before Find Elements -->By.cssSelector: .contact-item_card__2SOIM
22:15:23 INFO  manager.MyListener - After Find Elements -->By.cssSelector: .contact-item_card__2SOIM
22:15:23 INFO  manager.MyListener - List size is -->3
22:15:23 INFO  manager.MyListener - Before Find Elements -->By.cssSelector: .contact-item_card__2SOIM
22:15:24 INFO  manager.MyListener - After Find Elements -->By.cssSelector: .contact-item_card__2SOIM
22:15:24 INFO  manager.MyListener - List size is -->3
22:15:24 INFO  manager.MyListener - Before Find Elements -->By.cssSelector: .contact-item_card__2SOIM
22:15:24 INFO  manager.MyListener - After Find Elements -->By.cssSelector: .contact-item_card__2SOIM
22:15:24 INFO  manager.MyListener - List size is -->3
22:15:24 INFO  manager.MyListener - Before Find Elements -->By.cssSelector: .contact-item_card__2SOIM
22:15:24 INFO  manager.MyListener - After Find Elements -->By.cssSelector: .contact-item_card__2SOIM
22:15:24 INFO  manager.MyListener - List size is -->3
22:15:24 INFO  manager.MyListener - Before Find Elements -->By.cssSelector: .contact-item_card__2SOIM
22:15:24 INFO  manager.MyListener - After Find Elements -->By.cssSelector: .contact-item_card__2SOIM
22:15:24 INFO  manager.MyListener - List size is -->3
22:15:24 INFO  manager.MyListener - Before Find Elements -->By.cssSelector: .contact-item_card__2SOIM
22:15:24 INFO  manager.MyListener - After Find Elements -->By.cssSelector: .contact-item_card__2SOIM
22:15:24 INFO  manager.MyListener - List size is -->3
22:15:24 INFO  manager.MyListener - Before Find Elements -->By.cssSelector: .contact-item_card__2SOIM
22:15:24 INFO  manager.MyListener - After Find Elements -->By.cssSelector: .contact-item_card__2SOIM
22:15:24 INFO  manager.MyListener - List size is -->3
22:15:24 INFO  manager.MyListener - Before Find Elements -->By.cssSelector: .contact-item_card__2SOIM
22:15:24 INFO  manager.MyListener - After Find Elements -->By.cssSelector: .contact-item_card__2SOIM
22:15:24 INFO  manager.MyListener - List size is -->3
22:15:24 INFO  manager.MyListener - Before Find Elements -->By.cssSelector: .contact-item_card__2SOIM
22:15:24 INFO  manager.MyListener - After Find Elements -->By.cssSelector: .contact-item_card__2SOIM
22:15:24 INFO  manager.MyListener - List size is -->3
22:15:24 INFO  manager.MyListener - Before Find Elements -->By.cssSelector: .contact-item_card__2SOIM
22:15:25 INFO  manager.MyListener - After Find Elements -->By.cssSelector: .contact-item_card__2SOIM
22:15:25 INFO  manager.MyListener - List size is -->3
22:15:25 INFO  manager.MyListener - Before Find Elements -->By.cssSelector: .contact-item_card__2SOIM
22:15:25 INFO  manager.MyListener - After Find Elements -->By.cssSelector: .contact-item_card__2SOIM
22:15:25 INFO  manager.MyListener - List size is -->3
22:15:25 INFO  manager.MyListener - Before Find Elements -->By.cssSelector: .contact-item_card__2SOIM
22:15:25 INFO  manager.MyListener - After Find Elements -->By.cssSelector: .contact-item_card__2SOIM
22:15:25 INFO  manager.MyListener - List size is -->3
22:15:25 INFO  manager.MyListener - Before Find Elements -->By.cssSelector: .contact-item_card__2SOIM
22:15:26 INFO  manager.MyListener - After Find Elements -->By.cssSelector: .contact-item_card__2SOIM
22:15:26 INFO  manager.MyListener - List size is -->3
22:15:26 INFO  manager.MyListener - Before Find Elements -->By.cssSelector: .contact-item_card__2SOIM
22:15:28 INFO  manager.MyListener - After Find Elements -->By.cssSelector: .contact-item_card__2SOIM
22:15:28 INFO  manager.MyListener - List size is -->3
22:15:28 INFO  manager.MyListener - Before Find Elements -->By.cssSelector: .contact-item_card__2SOIM
22:15:28 INFO  manager.MyListener - After Find Elements -->By.cssSelector: .contact-item_card__2SOIM
22:15:28 INFO  manager.MyListener - List size is -->3
22:15:28 INFO  manager.MyListener - Before Find Elements -->By.cssSelector: .contact-item_card__2SOIM
22:15:28 INFO  manager.MyListener - After Find Elements -->By.cssSelector: .contact-item_card__2SOIM
22:15:28 INFO  manager.MyListener - List size is -->3
22:15:28 INFO  manager.MyListener - Before Find Elements -->By.cssSelector: .contact-item_card__2SOIM
22:15:28 INFO  manager.MyListener - After Find Elements -->By.cssSelector: .contact-item_card__2SOIM
22:15:28 INFO  manager.MyListener - List size is -->3
22:15:28 INFO  manager.MyListener - Before Find Elements -->By.cssSelector: .contact-item_card__2SOIM
22:15:28 INFO  manager.MyListener - After Find Elements -->By.cssSelector: .contact-item_card__2SOIM
22:15:28 INFO  manager.MyListener - List size is -->3
22:15:28 INFO  manager.MyListener - Before Find Elements -->By.cssSelector: .contact-item_card__2SOIM
22:15:28 INFO  manager.MyListener - After Find Elements -->By.cssSelector: .contact-item_card__2SOIM
22:15:28 INFO  manager.MyListener - List size is -->3
22:15:28 INFO  manager.MyListener - Before Find Elements -->By.cssSelector: .contact-item_card__2SOIM
22:15:28 INFO  manager.MyListener - After Find Elements -->By.cssSelector: .contact-item_card__2SOIM
22:15:28 INFO  manager.MyListener - List size is -->3
22:15:28 INFO  manager.MyListener - Before Find Elements -->By.cssSelector: .contact-item_card__2SOIM
22:15:28 INFO  manager.MyListener - After Find Elements -->By.cssSelector: .contact-item_card__2SOIM
22:15:28 INFO  manager.MyListener - List size is -->3
22:15:28 INFO  manager.MyListener - Before Find Elements -->By.cssSelector: .contact-item_card__2SOIM
22:15:28 INFO  manager.MyListener - After Find Elements -->By.cssSelector: .contact-item_card__2SOIM
22:15:28 INFO  manager.MyListener - List size is -->3
22:15:28 INFO  manager.MyListener - Before Find Elements -->By.cssSelector: .contact-item_card__2SOIM
22:15:28 INFO  manager.MyListener - After Find Elements -->By.cssSelector: .contact-item_card__2SOIM
22:15:28 INFO  manager.MyListener - List size is -->3
22:15:28 INFO  manager.MyListener - Before Find Elements -->By.cssSelector: .contact-item_card__2SOIM
22:15:28 INFO  manager.MyListener - After Find Elements -->By.cssSelector: .contact-item_card__2SOIM
22:15:28 INFO  manager.MyListener - List size is -->3
22:15:28 INFO  manager.MyListener - Before Find Elements -->By.cssSelector: .contact-item_card__2SOIM
22:15:28 INFO  manager.MyListener - After Find Elements -->By.cssSelector: .contact-item_card__2SOIM
22:15:28 INFO  manager.MyListener - List size is -->3
22:15:28 INFO  manager.MyListener - Before Find Elements -->By.cssSelector: .contact-item_card__2SOIM
22:15:28 INFO  manager.MyListener - After Find Elements -->By.cssSelector: .contact-item_card__2SOIM
22:15:28 INFO  manager.MyListener - List size is -->3
22:15:28 INFO  manager.MyListener - Before Find Elements -->By.cssSelector: .contact-item_card__2SOIM
22:15:28 INFO  manager.MyListener - After Find Elements -->By.cssSelector: .contact-item_card__2SOIM
22:15:28 INFO  manager.MyListener - List size is -->3
22:15:28 INFO  manager.MyListener - Before Find Elements -->By.cssSelector: .contact-item_card__2SOIM
22:15:28 INFO  manager.MyListener - After Find Elements -->By.cssSelector: .contact-item_card__2SOIM
22:15:28 INFO  manager.MyListener - List size is -->3
22:15:28 INFO  manager.MyListener - Before Find Elements -->By.cssSelector: .contact-item_card__2SOIM
22:15:28 INFO  manager.MyListener - After Find Elements -->By.cssSelector: .contact-item_card__2SOIM
22:15:28 INFO  manager.MyListener - List size is -->3
22:15:28 INFO  manager.MyListener - Before Find Elements -->By.cssSelector: .contact-item_card__2SOIM
22:15:28 INFO  manager.MyListener - After Find Elements -->By.cssSelector: .contact-item_card__2SOIM
22:15:28 INFO  manager.MyListener - List size is -->3
22:15:28 INFO  manager.MyListener - Before Find Elements -->By.cssSelector: .contact-item_card__2SOIM
22:15:28 INFO  manager.MyListener - After Find Elements -->By.cssSelector: .contact-item_card__2SOIM
22:15:28 INFO  manager.MyListener - List size is -->3
22:15:28 INFO  manager.MyListener - Before Find Elements -->By.cssSelector: .contact-item_card__2SOIM
22:15:28 INFO  manager.MyListener - After Find Elements -->By.cssSelector: .contact-item_card__2SOIM
22:15:28 INFO  manager.MyListener - List size is -->3
22:15:28 INFO  manager.MyListener - Before Find Elements -->By.cssSelector: .contact-item_card__2SOIM
22:15:28 INFO  manager.MyListener - After Find Elements -->By.cssSelector: .contact-item_card__2SOIM
22:15:28 INFO  manager.MyListener - List size is -->3
22:15:28 INFO  manager.MyListener - Before Find Elements -->By.cssSelector: .contact-item_card__2SOIM
22:15:29 INFO  manager.MyListener - After Find Elements -->By.cssSelector: .contact-item_card__2SOIM
22:15:29 INFO  manager.MyListener - List size is -->3
22:15:29 INFO  manager.MyListener - Before Find Elements -->By.cssSelector: .contact-item_card__2SOIM
22:15:29 INFO  manager.MyListener - After Find Elements -->By.cssSelector: .contact-item_card__2SOIM
22:15:29 INFO  manager.MyListener - List size is -->3
22:15:29 INFO  manager.MyListener - Before Find Elements -->By.cssSelector: .contact-item_card__2SOIM
22:15:29 INFO  manager.MyListener - After Find Elements -->By.cssSelector: .contact-item_card__2SOIM
22:15:29 INFO  manager.MyListener - List size is -->3
22:15:29 INFO  manager.MyListener - Before Find Elements -->By.cssSelector: .contact-item_card__2SOIM
22:15:29 INFO  manager.MyListener - After Find Elements -->By.cssSelector: .contact-item_card__2SOIM
22:15:29 INFO  manager.MyListener - List size is -->3
22:15:29 INFO  manager.MyListener - Before Find Elements -->By.cssSelector: .contact-item_card__2SOIM
22:15:29 INFO  manager.MyListener - After Find Elements -->By.cssSelector: .contact-item_card__2SOIM
22:15:29 INFO  manager.MyListener - List size is -->3
22:15:29 INFO  manager.MyListener - Before Find Elements -->By.cssSelector: .contact-item_card__2SOIM
22:15:29 INFO  manager.MyListener - After Find Elements -->By.cssSelector: .contact-item_card__2SOIM
22:15:29 INFO  manager.MyListener - List size is -->3
22:15:29 INFO  manager.MyListener - Before Find Elements -->By.cssSelector: .contact-item_card__2SOIM
22:15:29 INFO  manager.MyListener - After Find Elements -->By.cssSelector: .contact-item_card__2SOIM
22:15:29 INFO  manager.MyListener - List size is -->3
22:15:29 INFO  manager.MyListener - Before Find Elements -->By.cssSelector: .contact-item_card__2SOIM
22:15:29 INFO  manager.MyListener - After Find Elements -->By.cssSelector: .contact-item_card__2SOIM
22:15:29 INFO  manager.MyListener - List size is -->3
22:15:29 INFO  manager.MyListener - Before Find Elements -->By.cssSelector: .contact-item_card__2SOIM
22:15:29 INFO  manager.MyListener - After Find Elements -->By.cssSelector: .contact-item_card__2SOIM
22:15:29 INFO  manager.MyListener - List size is -->3
22:15:29 INFO  manager.MyListener - Before Find Elements -->By.cssSelector: .contact-item_card__2SOIM
22:15:29 INFO  manager.MyListener - After Find Elements -->By.cssSelector: .contact-item_card__2SOIM
22:15:29 INFO  manager.MyListener - List size is -->3
22:15:29 INFO  manager.MyListener - Before Find Elements -->By.cssSelector: .contact-item_card__2SOIM
22:15:29 INFO  manager.MyListener - After Find Elements -->By.cssSelector: .contact-item_card__2SOIM
22:15:29 INFO  manager.MyListener - List size is -->3
22:15:29 INFO  manager.MyListener - Before Find Elements -->By.cssSelector: .contact-item_card__2SOIM
22:15:29 INFO  manager.MyListener - After Find Elements -->By.cssSelector: .contact-item_card__2SOIM
22:15:29 INFO  manager.MyListener - List size is -->3
22:15:29 INFO  manager.MyListener - Before Find Elements -->By.cssSelector: .contact-item_card__2SOIM
22:15:29 INFO  manager.MyListener - After Find Elements -->By.cssSelector: .contact-item_card__2SOIM
22:15:29 INFO  manager.MyListener - List size is -->3
22:15:29 INFO  manager.MyListener - Before Find Elements -->By.cssSelector: .contact-item_card__2SOIM
22:15:29 INFO  manager.MyListener - After Find Elements -->By.cssSelector: .contact-item_card__2SOIM
22:15:29 INFO  manager.MyListener - List size is -->3
22:15:29 INFO  manager.MyListener - Before Find Elements -->By.cssSelector: .contact-item_card__2SOIM
22:15:29 INFO  manager.MyListener - After Find Elements -->By.cssSelector: .contact-item_card__2SOIM
22:15:29 INFO  manager.MyListener - List size is -->3
22:15:29 INFO  manager.MyListener - Before Find Elements -->By.cssSelector: .contact-item_card__2SOIM
22:15:29 INFO  manager.MyListener - After Find Elements -->By.cssSelector: .contact-item_card__2SOIM
22:15:29 INFO  manager.MyListener - List size is -->3
22:15:29 INFO  manager.MyListener - Before Find Elements -->By.cssSelector: .contact-item_card__2SOIM
22:15:29 INFO  manager.MyListener - After Find Elements -->By.cssSelector: .contact-item_card__2SOIM
22:15:29 INFO  manager.MyListener - List size is -->3
22:15:29 INFO  manager.MyListener - Before Find Elements -->By.cssSelector: .contact-item_card__2SOIM
22:15:29 INFO  manager.MyListener - After Find Elements -->By.cssSelector: .contact-item_card__2SOIM
22:15:29 INFO  manager.MyListener - List size is -->3
22:15:29 INFO  manager.MyListener - Before Find Elements -->By.cssSelector: .contact-item_card__2SOIM
22:15:29 INFO  manager.MyListener - After Find Elements -->By.cssSelector: .contact-item_card__2SOIM
22:15:29 INFO  manager.MyListener - List size is -->3
22:15:29 INFO  manager.MyListener - Before Find Elements -->By.cssSelector: .contact-item_card__2SOIM
22:15:29 INFO  manager.MyListener - After Find Elements -->By.cssSelector: .contact-item_card__2SOIM
22:15:29 INFO  manager.MyListener - List size is -->3
22:15:29 INFO  manager.MyListener - Before Find Elements -->By.cssSelector: .contact-item_card__2SOIM
22:15:29 INFO  manager.MyListener - After Find Elements -->By.cssSelector: .contact-item_card__2SOIM
22:15:29 INFO  manager.MyListener - List size is -->3
22:15:29 INFO  manager.MyListener - Before Find Elements -->By.cssSelector: .contact-item_card__2SOIM
22:15:29 INFO  manager.MyListener - After Find Elements -->By.cssSelector: .contact-item_card__2SOIM
22:15:29 INFO  manager.MyListener - List size is -->3
22:15:29 INFO  manager.MyListener - Before Find Elements -->By.cssSelector: .contact-item_card__2SOIM
22:15:29 INFO  manager.MyListener - After Find Elements -->By.cssSelector: .contact-item_card__2SOIM
22:15:29 INFO  manager.MyListener - List size is -->3
22:15:29 INFO  manager.MyListener - Before Find Elements -->By.cssSelector: .contact-item_card__2SOIM
22:15:29 INFO  manager.MyListener - After Find Elements -->By.cssSelector: .contact-item_card__2SOIM
22:15:29 INFO  manager.MyListener - List size is -->3
22:15:29 INFO  manager.MyListener - Before Find Elements -->By.cssSelector: .contact-item_card__2SOIM
22:15:29 INFO  manager.MyListener - After Find Elements -->By.cssSelector: .contact-item_card__2SOIM
22:15:29 INFO  manager.MyListener - List size is -->3
22:15:29 INFO  manager.MyListener - Before Find Elements -->By.cssSelector: .contact-item_card__2SOIM
22:15:29 INFO  manager.MyListener - After Find Elements -->By.cssSelector: .contact-item_card__2SOIM
22:15:29 INFO  manager.MyListener - List size is -->3
22:15:29 INFO  manager.MyListener - Before Find Elements -->By.cssSelector: .contact-item_card__2SOIM
22:15:29 INFO  manager.MyListener - After Find Elements -->By.cssSelector: .contact-item_card__2SOIM
22:15:29 INFO  manager.MyListener - List size is -->3
22:15:29 INFO  manager.MyListener - Before Find Elements -->By.cssSelector: .contact-item_card__2SOIM
22:15:29 INFO  manager.MyListener - After Find Elements -->By.cssSelector: .contact-item_card__2SOIM
22:15:29 INFO  manager.MyListener - List size is -->3
22:15:29 INFO  manager.MyListener - Before Find Elements -->By.cssSelector: .contact-item_card__2SOIM
22:15:30 INFO  manager.MyListener - After Find Elements -->By.cssSelector: .contact-item_card__2SOIM
22:15:30 INFO  manager.MyListener - List size is -->3
22:15:30 INFO  manager.MyListener - Before Find Elements -->By.cssSelector: .contact-item_card__2SOIM
22:15:30 INFO  manager.MyListener - After Find Elements -->By.cssSelector: .contact-item_card__2SOIM
22:15:30 INFO  manager.MyListener - List size is -->3
22:15:30 INFO  manager.MyListener - Before Find Elements -->By.cssSelector: .contact-item_card__2SOIM
22:15:30 INFO  manager.MyListener - After Find Elements -->By.cssSelector: .contact-item_card__2SOIM
22:15:30 INFO  manager.MyListener - List size is -->3
22:15:30 INFO  manager.MyListener - Before Find Elements -->By.cssSelector: .contact-item_card__2SOIM
22:15:30 INFO  manager.MyListener - After Find Elements -->By.cssSelector: .contact-item_card__2SOIM
22:15:30 INFO  manager.MyListener - List size is -->3
22:15:30 INFO  manager.MyListener - Before Find Elements -->By.cssSelector: .contact-item_card__2SOIM
22:15:30 INFO  manager.MyListener - After Find Elements -->By.cssSelector: .contact-item_card__2SOIM
22:15:30 INFO  manager.MyListener - List size is -->3
22:15:30 INFO  manager.MyListener - Before Find Elements -->By.cssSelector: .contact-item_card__2SOIM
22:15:30 INFO  manager.MyListener - After Find Elements -->By.cssSelector: .contact-item_card__2SOIM
22:15:30 INFO  manager.MyListener - List size is -->3
22:15:30 INFO  manager.MyListener - Before Find Elements -->By.cssSelector: .contact-item_card__2SOIM
22:15:30 INFO  manager.MyListener - After Find Elements -->By.cssSelector: .contact-item_card__2SOIM
22:15:30 INFO  manager.MyListener - List size is -->3
22:15:30 INFO  manager.MyListener - Before Find Elements -->By.cssSelector: .contact-item_card__2SOIM
22:15:30 INFO  manager.MyListener - After Find Elements -->By.cssSelector: .contact-item_card__2SOIM
22:15:30 INFO  manager.MyListener - List size is -->3
22:15:30 INFO  manager.MyListener - Before Find Elements -->By.cssSelector: .contact-item_card__2SOIM
22:15:30 INFO  manager.MyListener - After Find Elements -->By.cssSelector: .contact-item_card__2SOIM
22:15:30 INFO  manager.MyListener - List size is -->3
22:15:30 INFO  manager.MyListener - Before Find Elements -->By.cssSelector: .contact-item_card__2SOIM
22:15:30 INFO  manager.MyListener - After Find Elements -->By.cssSelector: .contact-item_card__2SOIM
22:15:30 INFO  manager.MyListener - List size is -->3
22:15:30 INFO  manager.MyListener - Before Find Elements -->By.cssSelector: .contact-item_card__2SOIM
22:15:30 INFO  manager.MyListener - After Find Elements -->By.cssSelector: .contact-item_card__2SOIM
22:15:30 INFO  manager.MyListener - List size is -->3
22:15:30 INFO  manager.MyListener - Before Find Elements -->By.cssSelector: .contact-item_card__2SOIM
22:15:30 INFO  manager.MyListener - After Find Elements -->By.cssSelector: .contact-item_card__2SOIM
22:15:30 INFO  manager.MyListener - List size is -->3
22:15:30 INFO  manager.MyListener - Before Find Elements -->By.cssSelector: .contact-item_card__2SOIM
22:15:30 INFO  manager.MyListener - After Find Elements -->By.cssSelector: .contact-item_card__2SOIM
22:15:30 INFO  manager.MyListener - List size is -->3
22:15:30 INFO  manager.MyListener - Before Find Elements -->By.cssSelector: .contact-item_card__2SOIM
22:15:30 INFO  manager.MyListener - After Find Elements -->By.cssSelector: .contact-item_card__2SOIM
22:15:30 INFO  manager.MyListener - List size is -->3
22:15:30 INFO  manager.MyListener - Before Find Elements -->By.cssSelector: .contact-item_card__2SOIM
22:15:30 INFO  manager.MyListener - After Find Elements -->By.cssSelector: .contact-item_card__2SOIM
22:15:30 INFO  manager.MyListener - List size is -->3
22:15:30 INFO  manager.MyListener - Before Find Elements -->By.cssSelector: .contact-item_card__2SOIM
22:15:30 INFO  manager.MyListener - After Find Elements -->By.cssSelector: .contact-item_card__2SOIM
22:15:30 INFO  manager.MyListener - List size is -->3
22:15:30 INFO  manager.MyListener - Before Find Elements -->By.cssSelector: .contact-item_card__2SOIM
22:15:30 INFO  manager.MyListener - After Find Elements -->By.cssSelector: .contact-item_card__2SOIM
22:15:30 INFO  manager.MyListener - List size is -->3
22:15:30 INFO  manager.MyListener - Before Find Elements -->By.cssSelector: .contact-item_card__2SOIM
22:15:30 INFO  manager.MyListener - After Find Elements -->By.cssSelector: .contact-item_card__2SOIM
22:15:30 INFO  manager.MyListener - List size is -->3
22:15:30 INFO  manager.MyListener - Before Find Elements -->By.cssSelector: .contact-item_card__2SOIM
22:15:30 INFO  manager.MyListener - After Find Elements -->By.cssSelector: .contact-item_card__2SOIM
22:15:30 INFO  manager.MyListener - List size is -->3
22:15:30 INFO  manager.MyListener - Before Find Elements -->By.cssSelector: .contact-item_card__2SOIM
22:15:31 INFO  manager.MyListener - After Find Elements -->By.cssSelector: .contact-item_card__2SOIM
22:15:31 INFO  manager.MyListener - List size is -->3
22:15:31 INFO  manager.MyListener - Before Find Elements -->By.cssSelector: .contact-item_card__2SOIM
22:15:31 INFO  manager.MyListener - After Find Elements -->By.cssSelector: .contact-item_card__2SOIM
22:15:31 INFO  manager.MyListener - List size is -->3
22:15:31 INFO  manager.MyListener - Before Find Elements -->By.cssSelector: .contact-item_card__2SOIM
22:15:31 INFO  manager.MyListener - After Find Elements -->By.cssSelector: .contact-item_card__2SOIM
22:15:31 INFO  manager.MyListener - List size is -->3
22:15:31 INFO  manager.MyListener - Before Find Elements -->By.cssSelector: .contact-item_card__2SOIM
22:15:31 INFO  manager.MyListener - After Find Elements -->By.cssSelector: .contact-item_card__2SOIM
22:15:31 INFO  manager.MyListener - List size is -->3
22:15:31 INFO  manager.MyListener - Before Find Elements -->By.cssSelector: .contact-item_card__2SOIM
22:15:31 INFO  manager.MyListener - After Find Elements -->By.cssSelector: .contact-item_card__2SOIM
22:15:31 INFO  manager.MyListener - List size is -->3
22:15:31 INFO  manager.MyListener - Before Find Elements -->By.cssSelector: .contact-item_card__2SOIM
22:15:31 INFO  manager.MyListener - After Find Elements -->By.cssSelector: .contact-item_card__2SOIM
22:15:31 INFO  manager.MyListener - List size is -->3
22:15:31 INFO  manager.MyListener - Before Find Elements -->By.cssSelector: .contact-item_card__2SOIM
22:15:31 INFO  manager.MyListener - After Find Elements -->By.cssSelector: .contact-item_card__2SOIM
22:15:31 INFO  manager.MyListener - List size is -->3
22:15:31 INFO  manager.MyListener - Before Find Elements -->By.cssSelector: .contact-item_card__2SOIM
22:15:31 INFO  manager.MyListener - After Find Elements -->By.cssSelector: .contact-item_card__2SOIM
22:15:31 INFO  manager.MyListener - List size is -->3
22:15:31 INFO  manager.MyListener - Before Find Elements -->By.cssSelector: .contact-item_card__2SOIM
22:15:31 INFO  manager.MyListener - After Find Elements -->By.cssSelector: .contact-item_card__2SOIM
22:15:31 INFO  manager.MyListener - List size is -->3
22:15:31 INFO  manager.MyListener - Before Find Elements -->By.cssSelector: .contact-item_card__2SOIM
22:15:31 INFO  manager.MyListener - After Find Elements -->By.cssSelector: .contact-item_card__2SOIM
22:15:31 INFO  manager.MyListener - List size is -->3
22:15:31 INFO  manager.MyListener - Before Find Elements -->By.cssSelector: .contact-item_card__2SOIM
22:15:31 INFO  manager.MyListener - After Find Elements -->By.cssSelector: .contact-item_card__2SOIM
22:15:31 INFO  manager.MyListener - List size is -->3
22:15:31 INFO  manager.MyListener - Before Find Elements -->By.cssSelector: .contact-item_card__2SOIM
22:15:31 INFO  manager.MyListener - After Find Elements -->By.cssSelector: .contact-item_card__2SOIM
22:15:31 INFO  manager.MyListener - List size is -->3
22:15:31 INFO  manager.MyListener - Before Find Elements -->By.cssSelector: .contact-item_card__2SOIM
22:15:31 INFO  manager.MyListener - After Find Elements -->By.cssSelector: .contact-item_card__2SOIM
22:15:31 INFO  manager.MyListener - List size is -->3
22:15:31 INFO  manager.MyListener - Before Find Elements -->By.cssSelector: .contact-item_card__2SOIM
22:15:31 INFO  manager.MyListener - After Find Elements -->By.cssSelector: .contact-item_card__2SOIM
22:15:31 INFO  manager.MyListener - List size is -->3
22:15:31 INFO  manager.MyListener - Before Find Elements -->By.cssSelector: .contact-item_card__2SOIM
22:15:31 INFO  manager.MyListener - After Find Elements -->By.cssSelector: .contact-item_card__2SOIM
22:15:31 INFO  manager.MyListener - List size is -->3
22:15:31 INFO  manager.MyListener - Before Find Elements -->By.cssSelector: .contact-item_card__2SOIM
22:15:31 INFO  manager.MyListener - After Find Elements -->By.cssSelector: .contact-item_card__2SOIM
22:15:31 INFO  manager.MyListener - List size is -->3
22:15:31 INFO  manager.MyListener - Before Find Elements -->By.cssSelector: .contact-item_card__2SOIM
22:15:31 INFO  manager.MyListener - After Find Elements -->By.cssSelector: .contact-item_card__2SOIM
22:15:31 INFO  manager.MyListener - List size is -->3
22:15:31 INFO  manager.MyListener - Before Find Elements -->By.cssSelector: .contact-item_card__2SOIM
22:15:31 INFO  manager.MyListener - After Find Elements -->By.cssSelector: .contact-item_card__2SOIM
22:15:31 INFO  manager.MyListener - List size is -->3
22:15:31 INFO  manager.MyListener - Before Find Elements -->By.cssSelector: .contact-item_card__2SOIM
22:15:31 INFO  manager.MyListener - After Find Elements -->By.cssSelector: .contact-item_card__2SOIM
22:15:31 INFO  manager.MyListener - List size is -->3
22:15:31 INFO  manager.MyListener - Before Find Elements -->By.cssSelector: .contact-item_card__2SOIM
22:15:31 INFO  manager.MyListener - After Find Elements -->By.cssSelector: .contact-item_card__2SOIM
22:15:31 INFO  manager.MyListener - List size is -->3
22:15:31 INFO  manager.MyListener - Before Find Elements -->By.cssSelector: .contact-item_card__2SOIM
22:15:31 INFO  manager.MyListener - After Find Elements -->By.cssSelector: .contact-item_card__2SOIM
22:15:31 INFO  manager.MyListener - List size is -->3
22:15:31 INFO  manager.MyListener - Before Find Elements -->By.cssSelector: .contact-item_card__2SOIM
22:15:31 INFO  manager.MyListener - After Find Elements -->By.cssSelector: .contact-item_card__2SOIM
22:15:31 INFO  manager.MyListener - List size is -->3
22:15:31 INFO  manager.MyListener - Before Find Elements -->By.cssSelector: .contact-item_card__2SOIM
22:15:31 INFO  manager.MyListener - After Find Elements -->By.cssSelector: .contact-item_card__2SOIM
22:15:31 INFO  manager.MyListener - List size is -->3
22:15:31 INFO  manager.MyListener - Before Find Elements -->By.cssSelector: .contact-item_card__2SOIM
22:15:31 INFO  manager.MyListener - After Find Elements -->By.cssSelector: .contact-item_card__2SOIM
22:15:31 INFO  manager.MyListener - List size is -->3
22:15:31 INFO  manager.MyListener - Before Find Elements -->By.cssSelector: .contact-item_card__2SOIM
22:15:31 INFO  manager.MyListener - After Find Elements -->By.cssSelector: .contact-item_card__2SOIM
22:15:31 INFO  manager.MyListener - List size is -->3
22:15:31 INFO  manager.MyListener - Before Find Elements -->By.cssSelector: .contact-item_card__2SOIM
22:15:32 INFO  manager.MyListener - After Find Elements -->By.cssSelector: .contact-item_card__2SOIM
22:15:32 INFO  manager.MyListener - List size is -->3
22:15:32 INFO  manager.MyListener - Before Find Elements -->By.cssSelector: .contact-item_card__2SOIM
22:15:32 INFO  manager.MyListener - After Find Elements -->By.cssSelector: .contact-item_card__2SOIM
22:15:32 INFO  manager.MyListener - List size is -->3
22:15:32 INFO  manager.MyListener - Before Find Elements -->By.cssSelector: .contact-item_card__2SOIM
22:15:32 INFO  manager.MyListener - After Find Elements -->By.cssSelector: .contact-item_card__2SOIM
22:15:32 INFO  manager.MyListener - List size is -->3
22:15:32 INFO  manager.MyListener - Before Find Elements -->By.cssSelector: .contact-item_card__2SOIM
22:15:32 INFO  manager.MyListener - After Find Elements -->By.cssSelector: .contact-item_card__2SOIM
22:15:32 INFO  manager.MyListener - List size is -->3
22:15:32 INFO  manager.MyListener - Before Find Elements -->By.cssSelector: .contact-item_card__2SOIM
22:15:32 INFO  manager.MyListener - After Find Elements -->By.cssSelector: .contact-item_card__2SOIM
22:15:32 INFO  manager.MyListener - List size is -->3
22:15:32 INFO  manager.MyListener - Before Find Elements -->By.cssSelector: .contact-item_card__2SOIM
22:15:32 INFO  manager.MyListener - After Find Elements -->By.cssSelector: .contact-item_card__2SOIM
22:15:32 INFO  manager.MyListener - List size is -->3
22:15:32 INFO  manager.MyListener - Before Find Elements -->By.cssSelector: .contact-item_card__2SOIM
22:15:32 INFO  manager.MyListener - After Find Elements -->By.cssSelector: .contact-item_card__2SOIM
22:15:32 INFO  manager.MyListener - List size is -->3
22:15:32 INFO  manager.MyListener - Before Find Elements -->By.cssSelector: .contact-item_card__2SOIM
22:15:32 INFO  manager.MyListener - After Find Elements -->By.cssSelector: .contact-item_card__2SOIM
22:15:32 INFO  manager.MyListener - List size is -->3
22:15:32 INFO  manager.MyListener - Before Find Elements -->By.cssSelector: .contact-item_card__2SOIM
22:15:32 INFO  manager.MyListener - After Find Elements -->By.cssSelector: .contact-item_card__2SOIM
22:15:32 INFO  manager.MyListener - List size is -->3
22:15:32 INFO  manager.MyListener - Before Find Elements -->By.cssSelector: .contact-item_card__2SOIM
22:15:32 INFO  manager.MyListener - After Find Elements -->By.cssSelector: .contact-item_card__2SOIM
22:15:32 INFO  manager.MyListener - List size is -->3
22:15:32 INFO  manager.MyListener - Before Find Elements -->By.cssSelector: .contact-item_card__2SOIM
22:15:32 INFO  manager.MyListener - After Find Elements -->By.cssSelector: .contact-item_card__2SOIM
22:15:32 INFO  manager.MyListener - List size is -->3
22:15:32 INFO  manager.MyListener - Before Find Elements -->By.cssSelector: .contact-item_card__2SOIM
22:15:32 INFO  manager.MyListener - After Find Elements -->By.cssSelector: .contact-item_card__2SOIM
22:15:32 INFO  manager.MyListener - List size is -->3
22:15:32 INFO  manager.MyListener - Before Find Elements -->By.cssSelector: .contact-item_card__2SOIM
22:15:32 INFO  manager.MyListener - After Find Elements -->By.cssSelector: .contact-item_card__2SOIM
22:15:32 INFO  manager.MyListener - List size is -->3
22:15:32 INFO  manager.MyListener - Before Find Elements -->By.cssSelector: .contact-item_card__2SOIM
22:15:33 INFO  manager.MyListener - After Find Elements -->By.cssSelector: .contact-item_card__2SOIM
22:15:33 INFO  manager.MyListener - List size is -->3
22:15:33 INFO  manager.MyListener - Before Find Elements -->By.cssSelector: .contact-item_card__2SOIM
22:15:33 INFO  manager.MyListener - After Find Elements -->By.cssSelector: .contact-item_card__2SOIM
22:15:33 INFO  manager.MyListener - List size is -->3
22:15:33 INFO  manager.MyListener - Before Find Elements -->By.cssSelector: .contact-item_card__2SOIM
22:15:33 INFO  manager.MyListener - After Find Elements -->By.cssSelector: .contact-item_card__2SOIM
22:15:33 INFO  manager.MyListener - List size is -->3
22:15:33 INFO  manager.MyListener - Before Find Elements -->By.cssSelector: .contact-item_card__2SOIM
22:15:33 INFO  manager.MyListener - After Find Elements -->By.cssSelector: .contact-item_card__2SOIM
22:15:33 INFO  manager.MyListener - List size is -->0
22:15:34 INFO  manager.MyListener - Before Find Element -->By.cssSelector: .contact-item_card__2SOIM h3
22:15:34 INFO  manager.MyListener - The name of error method findElement
22:15:34 INFO  manager.MyListener - Describe of error org.openqa.selenium.NoSuchWindowException: no such window: target window already closed
from unknown error: web view not found
  (Session info: chrome=105.0.5195.127)
Build info: version: '4.4.0', revision: 'e5c75ed026a'
System info: host: 'DESKTOP-J613HCK', ip: '192.168.1.197', os.name: 'Windows 10', os.arch: 'amd64', os.version: '10.0', java.version: '11.0.16'
Driver info: org.openqa.selenium.chrome.ChromeDriver
Command: [eb5f6e5e1dce76e045d2bcf90396c07f, findElement {using=css selector, value=.contact-item_card__2SOIM h3}]
Capabilities {acceptInsecureCerts: false, browserName: chrome, browserVersion: 105.0.5195.127, chrome: {chromedriverVersion: 105.0.5195.52 (412c95e51883..., userDataDir: C:\Users\saban\AppData\Loca...}, goog:chromeOptions: {debuggerAddress: localhost:57018}, networkConnectionEnabled: false, pageLoadStrategy: normal, platformName: WINDOWS, proxy: Proxy(), se:cdp: ws://localhost:57018/devtoo..., se:cdpVersion: 105.0.5195.127, setWindowRect: true, strictFileInteractability: false, timeouts: {implicit: 0, pageLoad: 300000, script: 30000}, unhandledPromptBehavior: dismiss and notify, webauthn:extension:credBlob: true, webauthn:extension:largeBlob: true, webauthn:virtualAuthenticators: true}
Session ID: eb5f6e5e1dce76e045d2bcf90396c07f
22:15:34 INFO  manager.MyListener - ==========================================
22:15:34 INFO  manager.MyListener - ChromeDriver: chrome on WINDOWS (eb5f6e5e1dce76e045d2bcf90396c07f)
22:15:34 INFO  manager.MyListener - screenshot with error is 1090src/test/screenShots1090.png
